#
# There is insufficient memory for the Java Runtime Environment to continue.
# Native memory allocation (mmap) failed to map 130023424 bytes for G1 virtual space
# Possible reasons:
#   The system is out of physical RAM or swap space
#   The process is running with CompressedOops enabled, and the Java Heap may be blocking the growth of the native heap
# Possible solutions:
#   Reduce memory load on the system
#   Increase physical memory or swap space
#   Check if swap backing store is full
#   Decrease Java heap size (-Xmx/-Xms)
#   Decrease number of Java threads
#   Decrease Java thread stack sizes (-Xss)
#   Set larger code cache with -XX:ReservedCodeCacheSize=
#   JVM is running with Unscaled Compressed Oops mode in which the Java heap is
#     placed in the first 4GB address space. The Java Heap base address is the
#     maximum limit for the native heap growth. Please use -XX:HeapBaseMinAddress
#     to set the Java Heap base and to place the Java Heap above 4GB virtual address.
# This output file may be truncated or incomplete.
#
#  Out of Memory Error (os_windows.cpp:3550), pid=25740, tid=15208
#
# JRE version:  (17.0.6+9) (build )
# Java VM: Java HotSpot(TM) 64-Bit Server VM (17.0.6+9-LTS-190, mixed mode, sharing, tiered, compressed oops, compressed class ptrs, g1 gc, windows-amd64)
# No core dump will be written. Minidumps are not enabled by default on client versions of Windows
#

---------------  S U M M A R Y ------------

Command Line: -Dfile.encoding=UTF-8 -XX:+ShowCodeDetailsInExceptionMessages Main.test

Host: 11th Gen Intel(R) Core(TM) i5-1135G7 @ 2.40GHz, 8 cores, 7G,  Windows 11 , 64 bit Build 22621 (10.0.22621.1194)
Time: Sat Mar 11 11:16:07 2023 SE Asia Standard Time elapsed time: 0.050453 seconds (0d 0h 0m 0s)

---------------  T H R E A D  ---------------

Current thread (0x00000210f38b8f30):  JavaThread "Unknown thread" [_thread_in_vm, id=15208, stack(0x0000007b7f000000,0x0000007b7f100000)]

Stack: [0x0000007b7f000000,0x0000007b7f100000]
Native frames: (J=compiled Java code, j=interpreted, Vv=VM code, C=native code)
V  [jvm.dll+0x6734ea]
V  [jvm.dll+0x7d18f4]
V  [jvm.dll+0x7d309e]
V  [jvm.dll+0x7d3703]
V  [jvm.dll+0x2433c5]
V  [jvm.dll+0x6703f9]
V  [jvm.dll+0x664d32]
V  [jvm.dll+0x300086]
V  [jvm.dll+0x307606]
V  [jvm.dll+0x356c1e]
V  [jvm.dll+0x356e4f]
V  [jvm.dll+0x2d72e8]
V  [jvm.dll+0x2d8254]
V  [jvm.dll+0x7a33b1]
V  [jvm.dll+0x3647f1]
V  [jvm.dll+0x782839]
V  [jvm.dll+0x3e757f]
V  [jvm.dll+0x3e9001]
C  [jli.dll+0x5297]
C  [ucrtbase.dll+0x29363]
C  [KERNEL32.DLL+0x126bd]
C  [ntdll.dll+0x5dfb8]


---------------  P R O C E S S  ---------------

Threads class SMR info:
_java_thread_list=0x00007fffa1a2e958, length=0, elements={
}

Java Threads: ( => current thread )

Other Threads:
  0x00000210f39138c0 GCTaskThread "GC Thread#0" [stack: 0x0000007b7f100000,0x0000007b7f200000] [id=43824]
  0x00000210f3924780 ConcurrentGCThread "G1 Main Marker" [stack: 0x0000007b7f200000,0x0000007b7f300000] [id=28720]
  0x00000210f3925190 ConcurrentGCThread "G1 Conc#0" [stack: 0x0000007b7f300000,0x0000007b7f400000] [id=13092]

[error occurred during error reporting (printing all threads), id 0xc0000005, EXCEPTION_ACCESS_VIOLATION (0xc0000005) at pc=0x00007fffa1267f07]

VM state: not at safepoint (not fully initialized)

VM Mutex/Monitor currently owned by a thread:  ([mutex/lock_event])
[0x00000210f38b59a0] Heap_lock - owner thread: 0x00000210f38b8f30

Heap address: 0x0000000084c00000, size: 1972 MB, Compressed Oops mode: 32-bit

CDS archive(s) mapped at: [0x0000000000000000-0x0000000000000000-0x0000000000000000), size 0, SharedBaseAddress: 0x0000000800000000, ArchiveRelocationMode: 0.
Narrow klass base: 0x0000000000000000, Narrow klass shift: 0, Narrow klass range: 0x0

GC Precious Log:
<Empty>

Heap:
 garbage-first heap   total 0K, used 0K [0x0000000084c00000, 0x0000000100000000)
  region size 1024K, 0 young (0K), 0 survivors (0K)

[error occurred during error reporting (printing heap information), id 0xc0000005, EXCEPTION_ACCESS_VIOLATION (0xc0000005) at pc=0x00007fffa164c759]

GC Heap History (0 events):
No events

Deoptimization events (0 events):
No events

Classes unloaded (0 events):
No events

Classes redefined (0 events):
No events

Internal exceptions (0 events):
No events

VM Operations (0 events):
No events

Events (1 events):
Event: 0.030 Loaded shared library D:\dowload\bin\java.dll


Dynamic libraries:
0x00007ff671490000 - 0x00007ff6714a0000 	D:\dowload\bin\javaw.exe
0x00007ff842970000 - 0x00007ff842b84000 	C:\WINDOWS\SYSTEM32\ntdll.dll
0x00007ff8411f0000 - 0x00007ff8412b3000 	C:\WINDOWS\System32\KERNEL32.DLL
0x00007ff8400e0000 - 0x00007ff84047c000 	C:\WINDOWS\System32\KERNELBASE.dll
0x00007ff83ff00000 - 0x00007ff840011000 	C:\WINDOWS\System32\ucrtbase.dll
0x00007ff8260b0000 - 0x00007ff8260c8000 	D:\dowload\bin\jli.dll
0x00007ff8260d0000 - 0x00007ff8260eb000 	D:\dowload\bin\VCRUNTIME140.dll
0x00007ff840cd0000 - 0x00007ff840d7e000 	C:\WINDOWS\System32\ADVAPI32.dll
0x00007ff842880000 - 0x00007ff842927000 	C:\WINDOWS\System32\msvcrt.dll
0x00007ff841370000 - 0x00007ff841414000 	C:\WINDOWS\System32\sechost.dll
0x00007ff841430000 - 0x00007ff841545000 	C:\WINDOWS\System32\RPCRT4.dll
0x00007ff840fe0000 - 0x00007ff84118d000 	C:\WINDOWS\System32\USER32.dll
0x00007ff83fed0000 - 0x00007ff83fef6000 	C:\WINDOWS\System32\win32u.dll
0x00007ff829180000 - 0x00007ff82940e000 	C:\WINDOWS\WinSxS\amd64_microsoft.windows.common-controls_6595b64144ccf1df_6.0.22621.608_none_a9444ca7c10bb01d\COMCTL32.dll
0x00007ff8418f0000 - 0x00007ff841919000 	C:\WINDOWS\System32\GDI32.dll
0x00007ff83fdb0000 - 0x00007ff83fec2000 	C:\WINDOWS\System32\gdi32full.dll
0x00007ff8404f0000 - 0x00007ff84058a000 	C:\WINDOWS\System32\msvcp_win.dll
0x00007ff831700000 - 0x00007ff83170a000 	C:\WINDOWS\SYSTEM32\VERSION.dll
0x00007ff840fa0000 - 0x00007ff840fd2000 	C:\WINDOWS\System32\IMM32.DLL
0x00007ff8263d0000 - 0x00007ff8263dc000 	D:\dowload\bin\vcruntime140_1.dll
0x00007fffc5360000 - 0x00007fffc53ee000 	D:\dowload\bin\msvcp140.dll
0x00007fffa0f80000 - 0x00007fffa1b57000 	D:\dowload\bin\server\jvm.dll
0x00007ff842870000 - 0x00007ff842878000 	C:\WINDOWS\System32\PSAPI.DLL
0x00007ff8351a0000 - 0x00007ff8351d4000 	C:\WINDOWS\SYSTEM32\WINMM.dll
0x00007ff833f90000 - 0x00007ff833f99000 	C:\WINDOWS\SYSTEM32\WSOCK32.dll
0x00007ff8427f0000 - 0x00007ff842861000 	C:\WINDOWS\System32\WS2_32.dll
0x00007ff83ee00000 - 0x00007ff83ee18000 	C:\WINDOWS\SYSTEM32\kernel.appcore.dll
0x00007ff826020000 - 0x00007ff82602a000 	D:\dowload\bin\jimage.dll
0x00007ff83d520000 - 0x00007ff83d74e000 	C:\WINDOWS\SYSTEM32\DBGHELP.DLL
0x00007ff841560000 - 0x00007ff8418ea000 	C:\WINDOWS\System32\combase.dll
0x00007ff8424b0000 - 0x00007ff842587000 	C:\WINDOWS\System32\OLEAUT32.dll
0x00007ff832850000 - 0x00007ff832882000 	C:\WINDOWS\SYSTEM32\dbgcore.DLL
0x00007ff840590000 - 0x00007ff84060b000 	C:\WINDOWS\System32\bcryptPrimitives.dll
0x00007ff809290000 - 0x00007ff8092b5000 	D:\dowload\bin\java.dll

dbghelp: loaded successfully - version: 4.0.5 - missing functions: none
symbol engine: initialized successfully - sym options: 0x614 - pdb path: .;D:\dowload\bin;C:\WINDOWS\SYSTEM32;C:\WINDOWS\WinSxS\amd64_microsoft.windows.common-controls_6595b64144ccf1df_6.0.22621.608_none_a9444ca7c10bb01d;D:\dowload\bin\server

VM Arguments:
jvm_args: -Dfile.encoding=UTF-8 -XX:+ShowCodeDetailsInExceptionMessages 
java_command: Main.test
java_class_path (initial): D:\laptrinhJava\BaiHeThong1mcr6\target\classes;D:\laptrinhJava\BaiHeThong1mcr6\jgoodies-common-1.8.0.jar;D:\laptrinhJava\BaiHeThong1mcr6\jgoodies-forms-1.8.0.jar;C:\Users\levan\.m2\repository\com\microsoft\sqlserver\mssql-jdbc\12.1.0.jre11-preview\mssql-jdbc-12.1.0.jre11-preview.jar;C:\Users\levan\.m2\repository\org\apache\commons\commons-lang3\3.4\commons-lang3-3.4.jar
Launcher Type: SUN_STANDARD

[Global flags]
     intx CICompilerCount                          = 4                                         {product} {ergonomic}
     uint ConcGCThreads                            = 2                                         {product} {ergonomic}
     uint G1ConcRefinementThreads                  = 8                                         {product} {ergonomic}
   size_t G1HeapRegionSize                         = 1048576                                   {product} {ergonomic}
    uintx GCDrainStackTargetSize                   = 64                                        {product} {ergonomic}
   size_t InitialHeapSize                          = 130023424                                 {product} {ergonomic}
   size_t MarkStackSize                            = 4194304                                   {product} {ergonomic}
   size_t MaxHeapSize                              = 2067791872                                {product} {ergonomic}
   size_t MinHeapDeltaBytes                        = 1048576                                   {product} {ergonomic}
   size_t MinHeapSize                              = 8388608                                   {product} {ergonomic}
    uintx NonNMethodCodeHeapSize                   = 5839372                                {pd product} {ergonomic}
    uintx NonProfiledCodeHeapSize                  = 122909434                              {pd product} {ergonomic}
    uintx ProfiledCodeHeapSize                     = 122909434                              {pd product} {ergonomic}
    uintx ReservedCodeCacheSize                    = 251658240                              {pd product} {ergonomic}
     bool SegmentedCodeCache                       = true                                      {product} {ergonomic}
     bool ShowCodeDetailsInExceptionMessages       = true                                   {manageable} {command line}
   size_t SoftMaxHeapSize                          = 2067791872                             {manageable} {ergonomic}
     bool UseCompressedClassPointers               = true                           {product lp64_product} {ergonomic}
     bool UseCompressedOops                        = true                           {product lp64_product} {ergonomic}
     bool UseG1GC                                  = true                                      {product} {ergonomic}
     bool UseLargePagesIndividualAllocation        = false                                  {pd product} {ergonomic}

Logging:
Log output configuration:
 #0: stdout all=warning uptime,level,tags
 #1: stderr all=off uptime,level,tags

Environment Variables:
PATH=C:\Program Files\Common Files\Oracle\Java\javapath;C:\Program Files\Microsoft MPI\Bin\;C:\WINDOWS\system32;C:\WINDOWS;C:\WINDOWS\System32\Wbem;C:\WINDOWS\System32\WindowsPowerShell\v1.0\;C:\WINDOWS\System32\OpenSSH\;C:\Program Files (x86)\Microsoft SQL Server\160\Tools\Binn\;C:\Program Files\Microsoft SQL Server\160\Tools\Binn\;C:\Program Files\Microsoft SQL Server\Client SDK\ODBC\170\Tools\Binn\;C:\Program Files\Microsoft SQL Server\160\DTS\Binn\;C:\Program Files (x86)\Microsoft SQL Server\160\DTS\Binn\;C:\Program Files\Azure Data Studio\bin;C:\Program Files\Microsoft SQL Server\130\Tools\Binn\;C:\Users\levan\AppData\Local\Microsoft\WindowsApps;;C:\Users\levan\AppData\Local\Programs\Microsoft VS Code\bin;C:\Program Files\Azure Data Studio\bin
USERNAME=levan
OS=Windows_NT
PROCESSOR_IDENTIFIER=Intel64 Family 6 Model 140 Stepping 1, GenuineIntel



---------------  S Y S T E M  ---------------

OS:
 Windows 11 , 64 bit Build 22621 (10.0.22621.1194)
OS uptime: 1 days 14:52 hours

CPU: total 8 (initial active 8) (4 cores per cpu, 2 threads per core) family 6 model 140 stepping 1 microcode 0x86, cx8, cmov, fxsr, ht, mmx, 3dnowpref, sse, sse2, sse3, ssse3, sse4.1, sse4.2, popcnt, lzcnt, tsc, tscinvbit, avx, avx2, aes, erms, clmul, bmi1, bmi2, adx, avx512f, avx512dq, avx512cd, avx512bw, avx512vl, sha, fma, vzeroupper, avx512_vpopcntdq, avx512_vpclmulqdq, avx512_vaes, avx512_vnni, clflush, clflushopt, clwb, avx512_vbmi2, avx512_vbmi

Memory: 4k page, system-wide physical 7886M (194M free)
TotalPageFile size 32462M (AvailPageFile size 61M)
current process WorkingSet (physical memory assigned to process): 11M, peak: 11M
current process commit charge ("private bytes"): 60M, peak: 184M

vm_info: Java HotSpot(TM) 64-Bit Server VM (17.0.6+9-LTS-190) for windows-amd64 JRE (17.0.6+9-LTS-190), built on Dec  6 2022 15:53:54 by "mach5one" with MS VC++ 17.1 (VS2022)

END.
