#
# A fatal error has been detected by the Java Runtime Environment:
#
#  EXCEPTION_ACCESS_VIOLATION (0xc0000005) at pc=0x0000000000000000, pid=46216, tid=21396
#
# JRE version: Java(TM) SE Runtime Environment (17.0.6+9) (build 17.0.6+9-LTS-190)
# Java VM: Java HotSpot(TM) 64-Bit Server VM (17.0.6+9-LTS-190, mixed mode, tiered, compressed oops, compressed class ptrs, g1 gc, windows-amd64)
# Problematic frame:
# C  0x0000000000000000
#
# No core dump will be written. Minidumps are not enabled by default on client versions of Windows
#
# If you would like to submit a bug report, please visit:
#   https://bugreport.java.com/bugreport/crash.jsp
# The crash happened outside the Java Virtual Machine in native code.
# See problematic frame for where to report the bug.
#

---------------  S U M M A R Y ------------

Command Line: -Dfile.encoding=UTF-8 -XX:+ShowCodeDetailsInExceptionMessages Main.test

Host: 11th Gen Intel(R) Core(TM) i5-1135G7 @ 2.40GHz, 8 cores, 7G,  Windows 11 , 64 bit Build 22621 (10.0.22621.1194)
Time: Sat Mar 11 11:19:44 2023 SE Asia Standard Time elapsed time: 1.066661 seconds (0d 0h 0m 1s)

---------------  T H R E A D  ---------------

Current thread (0x000001becb88a9d0):  JavaThread "AWT-Windows" daemon [_thread_in_native, id=21396, stack(0x0000008971500000,0x0000008971600000)]

Stack: [0x0000008971500000,0x0000008971600000],  sp=0x00000089715ff2b8,  free space=1020k
Native frames: (J=compiled Java code, j=interpreted, Vv=VM code, C=native code)

Java frames: (J=compiled Java code, j=interpreted, Vv=VM code)
j  sun.awt.windows.WToolkit.init()Z+0 java.desktop@17.0.6
j  sun.awt.windows.WToolkit.run()V+10 java.desktop@17.0.6
j  java.lang.Thread.run()V+11 java.base@17.0.6
v  ~StubRoutines::call_stub

siginfo: EXCEPTION_ACCESS_VIOLATION (0xc0000005), data execution prevention violation at address 0x0000000000000000


Register to memory mapping:

RIP=0x0 is NULL
RAX=0x0 is NULL
RBX=0x0000000000000020 is an unknown value
RCX=0x0 is NULL
RDX=0x0 is NULL
RSP=0x00000089715ff2b8 is pointing into the stack for thread: 0x000001becb88a9d0
RBP=0x00000089715ff428 is pointing into the stack for thread: 0x000001becb88a9d0
RSI=0x00000000100133b2 is an unknown value
RDI=0x0000000000000001 is an unknown value
R8 =0x00000089715fefd8 is pointing into the stack for thread: 0x000001becb88a9d0
R9 =0x0 is NULL
R10=0x000000000000007f is an unknown value
R11=0x00000089715ff220 is pointing into the stack for thread: 0x000001becb88a9d0
R12=0x0 is NULL
R13={method} {0x000001becb0af478} 'init' '()Z' in 'sun/awt/windows/WToolkit'
R14=0x0 is NULL
R15=0x000001becb88a9d0 is a thread


Registers:
RAX=0x0000000000000000, RBX=0x0000000000000020, RCX=0x0000000000000000, RDX=0x0000000000000000
RSP=0x00000089715ff2b8, RBP=0x00000089715ff428, RSI=0x00000000100133b2, RDI=0x0000000000000001
R8 =0x00000089715fefd8, R9 =0x0000000000000000, R10=0x000000000000007f, R11=0x00000089715ff220
R12=0x0000000000000000, R13=0x000001becb0af470, R14=0x0000000000000000, R15=0x000001becb88a9d0
RIP=0x0000000000000000, EFLAGS=0x0000000000010206

Top of Stack: (sp=0x00000089715ff2b8)
0x00000089715ff2b8:   00007fffc20f4e18 0000000000000000
0x00000089715ff2c8:   0000000000000000 00000089715fefd8
0x00000089715ff2d8:   0000000000000000 000001beffffffff
0x00000089715ff2e8:   00007fffffffffff 000001be00000000
0x00000089715ff2f8:   0000008900000000 0000000000000000
0x00000089715ff308:   0000000000000000 00007fffc2020000
0x00000089715ff318:   0000000000000000 000001be00000000
0x00000089715ff328:   00007fffc20f5f40 0000000000000000
0x00000089715ff338:   00007fffc2020000 00000000004b07f9
0x00000089715ff348:   0000000000000000 0000000000000006
0x00000089715ff358:   0000000000000000 00007fffc212fea0
0x00000089715ff368:   000001becb88a9d0 00000089715ff448
0x00000089715ff378:   00007fffc20f782f 000001becb88ac78
0x00000089715ff388:   000000000000024a 00000089715ff448
0x00000089715ff398:   000001becb1632d0 000001bebb7794ec
0x00000089715ff3a8:   000001bebb77d601 000001becb0af470 

Instructions: (pc=0x0000000000000000)
0xffffffffffffff00:   


Stack slot to memory mapping:
stack at sp + 0 slots: 0x00007fffc20f4e18 awt.dll
stack at sp + 1 slots: 0x0 is NULL
stack at sp + 2 slots: 0x0 is NULL
stack at sp + 3 slots: 0x00000089715fefd8 is pointing into the stack for thread: 0x000001becb88a9d0
stack at sp + 4 slots: 0x0 is NULL
stack at sp + 5 slots: 0x000001beffffffff is an unknown value
stack at sp + 6 slots: 0x00007fffffffffff is an unknown value
stack at sp + 7 slots: 0x000001be00000000 is an unknown value


---------------  P R O C E S S  ---------------

Threads class SMR info:
_java_thread_list=0x000001becb881a00, length=15, elements={
0x000001beac9b8d30, 0x000001beca929260, 0x000001beca8de780, 0x000001becb40d100,
0x000001becb40d9c0, 0x000001becb41b980, 0x000001becb41c240, 0x000001becb41ce30,
0x000001beca92a800, 0x000001beca92e9c0, 0x000001becb592b10, 0x000001becb5af020,
0x000001becb88a030, 0x000001becb88a500, 0x000001becb88a9d0
}

Java Threads: ( => current thread )
  0x000001beac9b8d30 JavaThread "main" [_thread_blocked, id=37468, stack(0x0000008970000000,0x0000008970100000)]
  0x000001beca929260 JavaThread "Reference Handler" daemon [_thread_blocked, id=4484, stack(0x0000008970700000,0x0000008970800000)]
  0x000001beca8de780 JavaThread "Finalizer" daemon [_thread_blocked, id=34972, stack(0x0000008970800000,0x0000008970900000)]
  0x000001becb40d100 JavaThread "Signal Dispatcher" daemon [_thread_blocked, id=9664, stack(0x0000008970900000,0x0000008970a00000)]
  0x000001becb40d9c0 JavaThread "Attach Listener" daemon [_thread_blocked, id=31820, stack(0x0000008970a00000,0x0000008970b00000)]
  0x000001becb41b980 JavaThread "Service Thread" daemon [_thread_blocked, id=46748, stack(0x0000008970b00000,0x0000008970c00000)]
  0x000001becb41c240 JavaThread "Monitor Deflation Thread" daemon [_thread_blocked, id=42944, stack(0x0000008970c00000,0x0000008970d00000)]
  0x000001becb41ce30 JavaThread "C2 CompilerThread0" daemon [_thread_blocked, id=2484, stack(0x0000008970d00000,0x0000008970e00000)]
  0x000001beca92a800 JavaThread "C1 CompilerThread0" daemon [_thread_blocked, id=43760, stack(0x0000008970e00000,0x0000008970f00000)]
  0x000001beca92e9c0 JavaThread "Sweeper thread" daemon [_thread_blocked, id=34020, stack(0x0000008970f00000,0x0000008971000000)]
  0x000001becb592b10 JavaThread "Notification Thread" daemon [_thread_blocked, id=22160, stack(0x0000008971000000,0x0000008971100000)]
  0x000001becb5af020 JavaThread "Common-Cleaner" daemon [_thread_blocked, id=692, stack(0x0000008971200000,0x0000008971300000)]
  0x000001becb88a030 JavaThread "Java2D Disposer" daemon [_thread_blocked, id=40708, stack(0x0000008971300000,0x0000008971400000)]
  0x000001becb88a500 JavaThread "AWT-Shutdown" [_thread_blocked, id=41268, stack(0x0000008971400000,0x0000008971500000)]
=>0x000001becb88a9d0 JavaThread "AWT-Windows" daemon [_thread_in_native, id=21396, stack(0x0000008971500000,0x0000008971600000)]

Other Threads:
  0x000001beca8b3910 VMThread "VM Thread" [stack: 0x0000008970600000,0x0000008970700000] [id=47972]
  0x000001becb596ff0 WatcherThread [stack: 0x0000008971100000,0x0000008971200000] [id=9556]
  0x000001beaca13040 GCTaskThread "GC Thread#0" [stack: 0x0000008970100000,0x0000008970200000] [id=40768]
  0x000001beaca23f00 ConcurrentGCThread "G1 Main Marker" [stack: 0x0000008970200000,0x0000008970300000] [id=5288]
  0x000001beaca26c20 ConcurrentGCThread "G1 Conc#0" [stack: 0x0000008970300000,0x0000008970400000] [id=2284]
  0x000001beaca8d650 ConcurrentGCThread "G1 Refine#0" [stack: 0x0000008970400000,0x0000008970500000] [id=35948]
  0x000001beaca8df70 ConcurrentGCThread "G1 Service" [stack: 0x0000008970500000,0x0000008970600000] [id=12528]

Threads with active compile tasks:

VM state: not at safepoint (normal execution)

VM Mutex/Monitor currently owned by a thread: None

Heap address: 0x0000000084c00000, size: 1972 MB, Compressed Oops mode: 32-bit

CDS archive(s) not mapped
Compressed class space mapped at: 0x0000000100000000-0x0000000140000000, reserved size: 1073741824
Narrow klass base: 0x0000000000000000, Narrow klass shift: 3, Narrow klass range: 0x140000000

GC Precious Log:
 CPUs: 8 total, 8 available
 Memory: 7886M
 Large Page Support: Disabled
 NUMA Support: Disabled
 Compressed Oops: Enabled (32-bit)
 Heap Region Size: 1M
 Heap Min Capacity: 8M
 Heap Initial Capacity: 124M
 Heap Max Capacity: 1972M
 Pre-touch: Disabled
 Parallel Workers: 8
 Concurrent Workers: 2
 Concurrent Refinement Workers: 8
 Periodic GC: Disabled

Heap:
 garbage-first heap   total 126976K, used 2048K [0x0000000084c00000, 0x0000000100000000)
  region size 1024K, 3 young (3072K), 0 survivors (0K)
 Metaspace       used 8110K, committed 8384K, reserved 1064960K
  class space    used 696K, committed 832K, reserved 1048576K

Heap Regions: E=young(eden), S=young(survivor), O=old, HS=humongous(starts), HC=humongous(continues), CS=collection set, F=free, OA=open archive, CA=closed archive, TAMS=top-at-mark-start (previous, next)
|   0|0x0000000084c00000, 0x0000000084c00000, 0x0000000084d00000|  0%| F|  |TAMS 0x0000000084c00000, 0x0000000084c00000| Untracked 
|   1|0x0000000084d00000, 0x0000000084d00000, 0x0000000084e00000|  0%| F|  |TAMS 0x0000000084d00000, 0x0000000084d00000| Untracked 
|   2|0x0000000084e00000, 0x0000000084e00000, 0x0000000084f00000|  0%| F|  |TAMS 0x0000000084e00000, 0x0000000084e00000| Untracked 
|   3|0x0000000084f00000, 0x0000000084f00000, 0x0000000085000000|  0%| F|  |TAMS 0x0000000084f00000, 0x0000000084f00000| Untracked 
|   4|0x0000000085000000, 0x0000000085000000, 0x0000000085100000|  0%| F|  |TAMS 0x0000000085000000, 0x0000000085000000| Untracked 
|   5|0x0000000085100000, 0x0000000085100000, 0x0000000085200000|  0%| F|  |TAMS 0x0000000085100000, 0x0000000085100000| Untracked 
|   6|0x0000000085200000, 0x0000000085200000, 0x0000000085300000|  0%| F|  |TAMS 0x0000000085200000, 0x0000000085200000| Untracked 
|   7|0x0000000085300000, 0x0000000085300000, 0x0000000085400000|  0%| F|  |TAMS 0x0000000085300000, 0x0000000085300000| Untracked 
|   8|0x0000000085400000, 0x0000000085400000, 0x0000000085500000|  0%| F|  |TAMS 0x0000000085400000, 0x0000000085400000| Untracked 
|   9|0x0000000085500000, 0x0000000085500000, 0x0000000085600000|  0%| F|  |TAMS 0x0000000085500000, 0x0000000085500000| Untracked 
|  10|0x0000000085600000, 0x0000000085600000, 0x0000000085700000|  0%| F|  |TAMS 0x0000000085600000, 0x0000000085600000| Untracked 
|  11|0x0000000085700000, 0x0000000085700000, 0x0000000085800000|  0%| F|  |TAMS 0x0000000085700000, 0x0000000085700000| Untracked 
|  12|0x0000000085800000, 0x0000000085800000, 0x0000000085900000|  0%| F|  |TAMS 0x0000000085800000, 0x0000000085800000| Untracked 
|  13|0x0000000085900000, 0x0000000085900000, 0x0000000085a00000|  0%| F|  |TAMS 0x0000000085900000, 0x0000000085900000| Untracked 
|  14|0x0000000085a00000, 0x0000000085a00000, 0x0000000085b00000|  0%| F|  |TAMS 0x0000000085a00000, 0x0000000085a00000| Untracked 
|  15|0x0000000085b00000, 0x0000000085b00000, 0x0000000085c00000|  0%| F|  |TAMS 0x0000000085b00000, 0x0000000085b00000| Untracked 
|  16|0x0000000085c00000, 0x0000000085c00000, 0x0000000085d00000|  0%| F|  |TAMS 0x0000000085c00000, 0x0000000085c00000| Untracked 
|  17|0x0000000085d00000, 0x0000000085d00000, 0x0000000085e00000|  0%| F|  |TAMS 0x0000000085d00000, 0x0000000085d00000| Untracked 
|  18|0x0000000085e00000, 0x0000000085e00000, 0x0000000085f00000|  0%| F|  |TAMS 0x0000000085e00000, 0x0000000085e00000| Untracked 
|  19|0x0000000085f00000, 0x0000000085f00000, 0x0000000086000000|  0%| F|  |TAMS 0x0000000085f00000, 0x0000000085f00000| Untracked 
|  20|0x0000000086000000, 0x0000000086000000, 0x0000000086100000|  0%| F|  |TAMS 0x0000000086000000, 0x0000000086000000| Untracked 
|  21|0x0000000086100000, 0x0000000086100000, 0x0000000086200000|  0%| F|  |TAMS 0x0000000086100000, 0x0000000086100000| Untracked 
|  22|0x0000000086200000, 0x0000000086200000, 0x0000000086300000|  0%| F|  |TAMS 0x0000000086200000, 0x0000000086200000| Untracked 
|  23|0x0000000086300000, 0x0000000086300000, 0x0000000086400000|  0%| F|  |TAMS 0x0000000086300000, 0x0000000086300000| Untracked 
|  24|0x0000000086400000, 0x0000000086400000, 0x0000000086500000|  0%| F|  |TAMS 0x0000000086400000, 0x0000000086400000| Untracked 
|  25|0x0000000086500000, 0x0000000086500000, 0x0000000086600000|  0%| F|  |TAMS 0x0000000086500000, 0x0000000086500000| Untracked 
|  26|0x0000000086600000, 0x0000000086600000, 0x0000000086700000|  0%| F|  |TAMS 0x0000000086600000, 0x0000000086600000| Untracked 
|  27|0x0000000086700000, 0x0000000086700000, 0x0000000086800000|  0%| F|  |TAMS 0x0000000086700000, 0x0000000086700000| Untracked 
|  28|0x0000000086800000, 0x0000000086800000, 0x0000000086900000|  0%| F|  |TAMS 0x0000000086800000, 0x0000000086800000| Untracked 
|  29|0x0000000086900000, 0x0000000086900000, 0x0000000086a00000|  0%| F|  |TAMS 0x0000000086900000, 0x0000000086900000| Untracked 
|  30|0x0000000086a00000, 0x0000000086a00000, 0x0000000086b00000|  0%| F|  |TAMS 0x0000000086a00000, 0x0000000086a00000| Untracked 
|  31|0x0000000086b00000, 0x0000000086b00000, 0x0000000086c00000|  0%| F|  |TAMS 0x0000000086b00000, 0x0000000086b00000| Untracked 
|  32|0x0000000086c00000, 0x0000000086c00000, 0x0000000086d00000|  0%| F|  |TAMS 0x0000000086c00000, 0x0000000086c00000| Untracked 
|  33|0x0000000086d00000, 0x0000000086d00000, 0x0000000086e00000|  0%| F|  |TAMS 0x0000000086d00000, 0x0000000086d00000| Untracked 
|  34|0x0000000086e00000, 0x0000000086e00000, 0x0000000086f00000|  0%| F|  |TAMS 0x0000000086e00000, 0x0000000086e00000| Untracked 
|  35|0x0000000086f00000, 0x0000000086f00000, 0x0000000087000000|  0%| F|  |TAMS 0x0000000086f00000, 0x0000000086f00000| Untracked 
|  36|0x0000000087000000, 0x0000000087000000, 0x0000000087100000|  0%| F|  |TAMS 0x0000000087000000, 0x0000000087000000| Untracked 
|  37|0x0000000087100000, 0x0000000087100000, 0x0000000087200000|  0%| F|  |TAMS 0x0000000087100000, 0x0000000087100000| Untracked 
|  38|0x0000000087200000, 0x0000000087200000, 0x0000000087300000|  0%| F|  |TAMS 0x0000000087200000, 0x0000000087200000| Untracked 
|  39|0x0000000087300000, 0x0000000087300000, 0x0000000087400000|  0%| F|  |TAMS 0x0000000087300000, 0x0000000087300000| Untracked 
|  40|0x0000000087400000, 0x0000000087400000, 0x0000000087500000|  0%| F|  |TAMS 0x0000000087400000, 0x0000000087400000| Untracked 
|  41|0x0000000087500000, 0x0000000087500000, 0x0000000087600000|  0%| F|  |TAMS 0x0000000087500000, 0x0000000087500000| Untracked 
|  42|0x0000000087600000, 0x0000000087600000, 0x0000000087700000|  0%| F|  |TAMS 0x0000000087600000, 0x0000000087600000| Untracked 
|  43|0x0000000087700000, 0x0000000087700000, 0x0000000087800000|  0%| F|  |TAMS 0x0000000087700000, 0x0000000087700000| Untracked 
|  44|0x0000000087800000, 0x0000000087800000, 0x0000000087900000|  0%| F|  |TAMS 0x0000000087800000, 0x0000000087800000| Untracked 
|  45|0x0000000087900000, 0x0000000087900000, 0x0000000087a00000|  0%| F|  |TAMS 0x0000000087900000, 0x0000000087900000| Untracked 
|  46|0x0000000087a00000, 0x0000000087a00000, 0x0000000087b00000|  0%| F|  |TAMS 0x0000000087a00000, 0x0000000087a00000| Untracked 
|  47|0x0000000087b00000, 0x0000000087b00000, 0x0000000087c00000|  0%| F|  |TAMS 0x0000000087b00000, 0x0000000087b00000| Untracked 
|  48|0x0000000087c00000, 0x0000000087c00000, 0x0000000087d00000|  0%| F|  |TAMS 0x0000000087c00000, 0x0000000087c00000| Untracked 
|  49|0x0000000087d00000, 0x0000000087d00000, 0x0000000087e00000|  0%| F|  |TAMS 0x0000000087d00000, 0x0000000087d00000| Untracked 
|  50|0x0000000087e00000, 0x0000000087e00000, 0x0000000087f00000|  0%| F|  |TAMS 0x0000000087e00000, 0x0000000087e00000| Untracked 
|  51|0x0000000087f00000, 0x0000000087f00000, 0x0000000088000000|  0%| F|  |TAMS 0x0000000087f00000, 0x0000000087f00000| Untracked 
|  52|0x0000000088000000, 0x0000000088000000, 0x0000000088100000|  0%| F|  |TAMS 0x0000000088000000, 0x0000000088000000| Untracked 
|  53|0x0000000088100000, 0x0000000088100000, 0x0000000088200000|  0%| F|  |TAMS 0x0000000088100000, 0x0000000088100000| Untracked 
|  54|0x0000000088200000, 0x0000000088200000, 0x0000000088300000|  0%| F|  |TAMS 0x0000000088200000, 0x0000000088200000| Untracked 
|  55|0x0000000088300000, 0x0000000088300000, 0x0000000088400000|  0%| F|  |TAMS 0x0000000088300000, 0x0000000088300000| Untracked 
|  56|0x0000000088400000, 0x0000000088400000, 0x0000000088500000|  0%| F|  |TAMS 0x0000000088400000, 0x0000000088400000| Untracked 
|  57|0x0000000088500000, 0x0000000088500000, 0x0000000088600000|  0%| F|  |TAMS 0x0000000088500000, 0x0000000088500000| Untracked 
|  58|0x0000000088600000, 0x0000000088600000, 0x0000000088700000|  0%| F|  |TAMS 0x0000000088600000, 0x0000000088600000| Untracked 
|  59|0x0000000088700000, 0x0000000088700000, 0x0000000088800000|  0%| F|  |TAMS 0x0000000088700000, 0x0000000088700000| Untracked 
|  60|0x0000000088800000, 0x0000000088800000, 0x0000000088900000|  0%| F|  |TAMS 0x0000000088800000, 0x0000000088800000| Untracked 
|  61|0x0000000088900000, 0x0000000088900000, 0x0000000088a00000|  0%| F|  |TAMS 0x0000000088900000, 0x0000000088900000| Untracked 
|  62|0x0000000088a00000, 0x0000000088a00000, 0x0000000088b00000|  0%| F|  |TAMS 0x0000000088a00000, 0x0000000088a00000| Untracked 
|  63|0x0000000088b00000, 0x0000000088b00000, 0x0000000088c00000|  0%| F|  |TAMS 0x0000000088b00000, 0x0000000088b00000| Untracked 
|  64|0x0000000088c00000, 0x0000000088c00000, 0x0000000088d00000|  0%| F|  |TAMS 0x0000000088c00000, 0x0000000088c00000| Untracked 
|  65|0x0000000088d00000, 0x0000000088d00000, 0x0000000088e00000|  0%| F|  |TAMS 0x0000000088d00000, 0x0000000088d00000| Untracked 
|  66|0x0000000088e00000, 0x0000000088e00000, 0x0000000088f00000|  0%| F|  |TAMS 0x0000000088e00000, 0x0000000088e00000| Untracked 
|  67|0x0000000088f00000, 0x0000000088f00000, 0x0000000089000000|  0%| F|  |TAMS 0x0000000088f00000, 0x0000000088f00000| Untracked 
|  68|0x0000000089000000, 0x0000000089000000, 0x0000000089100000|  0%| F|  |TAMS 0x0000000089000000, 0x0000000089000000| Untracked 
|  69|0x0000000089100000, 0x0000000089100000, 0x0000000089200000|  0%| F|  |TAMS 0x0000000089100000, 0x0000000089100000| Untracked 
|  70|0x0000000089200000, 0x0000000089200000, 0x0000000089300000|  0%| F|  |TAMS 0x0000000089200000, 0x0000000089200000| Untracked 
|  71|0x0000000089300000, 0x0000000089300000, 0x0000000089400000|  0%| F|  |TAMS 0x0000000089300000, 0x0000000089300000| Untracked 
|  72|0x0000000089400000, 0x0000000089400000, 0x0000000089500000|  0%| F|  |TAMS 0x0000000089400000, 0x0000000089400000| Untracked 
|  73|0x0000000089500000, 0x0000000089500000, 0x0000000089600000|  0%| F|  |TAMS 0x0000000089500000, 0x0000000089500000| Untracked 
|  74|0x0000000089600000, 0x0000000089600000, 0x0000000089700000|  0%| F|  |TAMS 0x0000000089600000, 0x0000000089600000| Untracked 
|  75|0x0000000089700000, 0x0000000089700000, 0x0000000089800000|  0%| F|  |TAMS 0x0000000089700000, 0x0000000089700000| Untracked 
|  76|0x0000000089800000, 0x0000000089800000, 0x0000000089900000|  0%| F|  |TAMS 0x0000000089800000, 0x0000000089800000| Untracked 
|  77|0x0000000089900000, 0x0000000089900000, 0x0000000089a00000|  0%| F|  |TAMS 0x0000000089900000, 0x0000000089900000| Untracked 
|  78|0x0000000089a00000, 0x0000000089a00000, 0x0000000089b00000|  0%| F|  |TAMS 0x0000000089a00000, 0x0000000089a00000| Untracked 
|  79|0x0000000089b00000, 0x0000000089b00000, 0x0000000089c00000|  0%| F|  |TAMS 0x0000000089b00000, 0x0000000089b00000| Untracked 
|  80|0x0000000089c00000, 0x0000000089c00000, 0x0000000089d00000|  0%| F|  |TAMS 0x0000000089c00000, 0x0000000089c00000| Untracked 
|  81|0x0000000089d00000, 0x0000000089d00000, 0x0000000089e00000|  0%| F|  |TAMS 0x0000000089d00000, 0x0000000089d00000| Untracked 
|  82|0x0000000089e00000, 0x0000000089e00000, 0x0000000089f00000|  0%| F|  |TAMS 0x0000000089e00000, 0x0000000089e00000| Untracked 
|  83|0x0000000089f00000, 0x0000000089f00000, 0x000000008a000000|  0%| F|  |TAMS 0x0000000089f00000, 0x0000000089f00000| Untracked 
|  84|0x000000008a000000, 0x000000008a000000, 0x000000008a100000|  0%| F|  |TAMS 0x000000008a000000, 0x000000008a000000| Untracked 
|  85|0x000000008a100000, 0x000000008a100000, 0x000000008a200000|  0%| F|  |TAMS 0x000000008a100000, 0x000000008a100000| Untracked 
|  86|0x000000008a200000, 0x000000008a200000, 0x000000008a300000|  0%| F|  |TAMS 0x000000008a200000, 0x000000008a200000| Untracked 
|  87|0x000000008a300000, 0x000000008a300000, 0x000000008a400000|  0%| F|  |TAMS 0x000000008a300000, 0x000000008a300000| Untracked 
|  88|0x000000008a400000, 0x000000008a400000, 0x000000008a500000|  0%| F|  |TAMS 0x000000008a400000, 0x000000008a400000| Untracked 
|  89|0x000000008a500000, 0x000000008a500000, 0x000000008a600000|  0%| F|  |TAMS 0x000000008a500000, 0x000000008a500000| Untracked 
|  90|0x000000008a600000, 0x000000008a600000, 0x000000008a700000|  0%| F|  |TAMS 0x000000008a600000, 0x000000008a600000| Untracked 
|  91|0x000000008a700000, 0x000000008a700000, 0x000000008a800000|  0%| F|  |TAMS 0x000000008a700000, 0x000000008a700000| Untracked 
|  92|0x000000008a800000, 0x000000008a800000, 0x000000008a900000|  0%| F|  |TAMS 0x000000008a800000, 0x000000008a800000| Untracked 
|  93|0x000000008a900000, 0x000000008a900000, 0x000000008aa00000|  0%| F|  |TAMS 0x000000008a900000, 0x000000008a900000| Untracked 
|  94|0x000000008aa00000, 0x000000008aa00000, 0x000000008ab00000|  0%| F|  |TAMS 0x000000008aa00000, 0x000000008aa00000| Untracked 
|  95|0x000000008ab00000, 0x000000008ab00000, 0x000000008ac00000|  0%| F|  |TAMS 0x000000008ab00000, 0x000000008ab00000| Untracked 
|  96|0x000000008ac00000, 0x000000008ac00000, 0x000000008ad00000|  0%| F|  |TAMS 0x000000008ac00000, 0x000000008ac00000| Untracked 
|  97|0x000000008ad00000, 0x000000008ad00000, 0x000000008ae00000|  0%| F|  |TAMS 0x000000008ad00000, 0x000000008ad00000| Untracked 
|  98|0x000000008ae00000, 0x000000008ae00000, 0x000000008af00000|  0%| F|  |TAMS 0x000000008ae00000, 0x000000008ae00000| Untracked 
|  99|0x000000008af00000, 0x000000008af00000, 0x000000008b000000|  0%| F|  |TAMS 0x000000008af00000, 0x000000008af00000| Untracked 
| 100|0x000000008b000000, 0x000000008b000000, 0x000000008b100000|  0%| F|  |TAMS 0x000000008b000000, 0x000000008b000000| Untracked 
| 101|0x000000008b100000, 0x000000008b100000, 0x000000008b200000|  0%| F|  |TAMS 0x000000008b100000, 0x000000008b100000| Untracked 
| 102|0x000000008b200000, 0x000000008b200000, 0x000000008b300000|  0%| F|  |TAMS 0x000000008b200000, 0x000000008b200000| Untracked 
| 103|0x000000008b300000, 0x000000008b300000, 0x000000008b400000|  0%| F|  |TAMS 0x000000008b300000, 0x000000008b300000| Untracked 
| 104|0x000000008b400000, 0x000000008b400000, 0x000000008b500000|  0%| F|  |TAMS 0x000000008b400000, 0x000000008b400000| Untracked 
| 105|0x000000008b500000, 0x000000008b500000, 0x000000008b600000|  0%| F|  |TAMS 0x000000008b500000, 0x000000008b500000| Untracked 
| 106|0x000000008b600000, 0x000000008b600000, 0x000000008b700000|  0%| F|  |TAMS 0x000000008b600000, 0x000000008b600000| Untracked 
| 107|0x000000008b700000, 0x000000008b700000, 0x000000008b800000|  0%| F|  |TAMS 0x000000008b700000, 0x000000008b700000| Untracked 
| 108|0x000000008b800000, 0x000000008b800000, 0x000000008b900000|  0%| F|  |TAMS 0x000000008b800000, 0x000000008b800000| Untracked 
| 109|0x000000008b900000, 0x000000008b900000, 0x000000008ba00000|  0%| F|  |TAMS 0x000000008b900000, 0x000000008b900000| Untracked 
| 110|0x000000008ba00000, 0x000000008ba00000, 0x000000008bb00000|  0%| F|  |TAMS 0x000000008ba00000, 0x000000008ba00000| Untracked 
| 111|0x000000008bb00000, 0x000000008bb00000, 0x000000008bc00000|  0%| F|  |TAMS 0x000000008bb00000, 0x000000008bb00000| Untracked 
| 112|0x000000008bc00000, 0x000000008bc00000, 0x000000008bd00000|  0%| F|  |TAMS 0x000000008bc00000, 0x000000008bc00000| Untracked 
| 113|0x000000008bd00000, 0x000000008bd00000, 0x000000008be00000|  0%| F|  |TAMS 0x000000008bd00000, 0x000000008bd00000| Untracked 
| 114|0x000000008be00000, 0x000000008be00000, 0x000000008bf00000|  0%| F|  |TAMS 0x000000008be00000, 0x000000008be00000| Untracked 
| 115|0x000000008bf00000, 0x000000008bf00000, 0x000000008c000000|  0%| F|  |TAMS 0x000000008bf00000, 0x000000008bf00000| Untracked 
| 116|0x000000008c000000, 0x000000008c000000, 0x000000008c100000|  0%| F|  |TAMS 0x000000008c000000, 0x000000008c000000| Untracked 
| 117|0x000000008c100000, 0x000000008c100000, 0x000000008c200000|  0%| F|  |TAMS 0x000000008c100000, 0x000000008c100000| Untracked 
| 118|0x000000008c200000, 0x000000008c200000, 0x000000008c300000|  0%| F|  |TAMS 0x000000008c200000, 0x000000008c200000| Untracked 
| 119|0x000000008c300000, 0x000000008c300000, 0x000000008c400000|  0%| F|  |TAMS 0x000000008c300000, 0x000000008c300000| Untracked 
| 120|0x000000008c400000, 0x000000008c400000, 0x000000008c500000|  0%| F|  |TAMS 0x000000008c400000, 0x000000008c400000| Untracked 
| 121|0x000000008c500000, 0x000000008c5ed9e0, 0x000000008c600000| 92%| E|  |TAMS 0x000000008c500000, 0x000000008c500000| Complete 
| 122|0x000000008c600000, 0x000000008c700000, 0x000000008c700000|100%| E|CS|TAMS 0x000000008c600000, 0x000000008c600000| Complete 
| 123|0x000000008c700000, 0x000000008c800000, 0x000000008c800000|100%| E|CS|TAMS 0x000000008c700000, 0x000000008c700000| Complete 

Card table byte_map: [0x000001bec3950000,0x000001bec3d30000] _byte_map_base: 0x000001bec352a000

Marking Bits (Prev, Next): (CMBitMap*) 0x000001beaca13650, (CMBitMap*) 0x000001beaca13690
 Prev Bits: [0x000001bec4110000, 0x000001bec5fe0000)
 Next Bits: [0x000001bec5fe0000, 0x000001bec7eb0000)

Polling page: 0x000001beac190000

Metaspace:

Usage:
  Non-class:      7.24 MB used.
      Class:    696.02 KB used.
       Both:      7.92 MB used.

Virtual space:
  Non-class space:       16.00 MB reserved,       7.38 MB ( 46%) committed,  2 nodes.
      Class space:        1.00 GB reserved,     832.00 KB ( <1%) committed,  1 nodes.
             Both:        1.02 GB reserved,       8.19 MB ( <1%) committed. 

Chunk freelists:
   Non-Class:  3.99 MB
       Class:  3.25 MB
        Both:  7.24 MB

MaxMetaspaceSize: unlimited
CompressedClassSpaceSize: 1.00 GB
Initial GC threshold: 21.00 MB
Current GC threshold: 21.00 MB
CDS: off
MetaspaceReclaimPolicy: balanced
 - commit_granule_bytes: 65536.
 - commit_granule_words: 8192.
 - virtual_space_node_default_size: 1048576.
 - enlarge_chunks_in_place: 1.
 - new_chunks_are_fully_committed: 0.
 - uncommit_free_chunks: 1.
 - use_allocation_guard: 0.
 - handle_deallocations: 1.


Internal statistics:

num_allocs_failed_limit: 0.
num_arena_births: 70.
num_arena_deaths: 0.
num_vsnodes_births: 3.
num_vsnodes_deaths: 0.
num_space_committed: 131.
num_space_uncommitted: 0.
num_chunks_returned_to_freelist: 0.
num_chunks_taken_from_freelist: 90.
num_chunk_merges: 0.
num_chunk_splits: 55.
num_chunks_enlarged: 28.
num_purges: 0.
num_inconsistent_stats: 0.

CodeHeap 'non-profiled nmethods': size=120000Kb used=96Kb max_used=96Kb free=119903Kb
 bounds [0x000001bebbd10000, 0x000001bebbf80000, 0x000001bec3240000]
CodeHeap 'profiled nmethods': size=120000Kb used=466Kb max_used=466Kb free=119533Kb
 bounds [0x000001beb4240000, 0x000001beb44b0000, 0x000001bebb770000]
CodeHeap 'non-nmethods': size=5760Kb used=1175Kb max_used=1188Kb free=4584Kb
 bounds [0x000001bebb770000, 0x000001bebb9e0000, 0x000001bebbd10000]
 total_blobs=783 nmethods=327 adapters=369
 compilation: enabled
              stopped_count=0, restarted_count=0
 full_count=0

Compilation events (20 events):
Event: 0.638 Thread 0x000001beca92a800  316       3       java.lang.invoke.LambdaForm::parameterType (9 bytes)
Event: 0.638 Thread 0x000001beca92a800 nmethod 316 0x000001beb42b2510 code [0x000001beb42b26c0, 0x000001beb42b2808]
Event: 0.638 Thread 0x000001beca92a800  317       3       java.lang.invoke.LambdaForm$BasicType::basicType (187 bytes)
Event: 0.638 Thread 0x000001beca92a800 nmethod 317 0x000001beb42b2910 code [0x000001beb42b2ba0, 0x000001beb42b36c8]
Event: 0.638 Thread 0x000001beca92a800  320       3       java.lang.System::getSecurityManager (12 bytes)
Event: 0.638 Thread 0x000001beca92a800 nmethod 320 0x000001beb42b3990 code [0x000001beb42b3b20, 0x000001beb42b3c98]
Event: 0.638 Thread 0x000001beca92a800  321       3       java.lang.System::allowSecurityManager (13 bytes)
Event: 0.638 Thread 0x000001beca92a800 nmethod 321 0x000001beb42b3d90 code [0x000001beb42b3f20, 0x000001beb42b4038]
Event: 0.639 Thread 0x000001beca92a800  322       3       java.lang.invoke.LambdaForm::forceInterpretation (14 bytes)
Event: 0.639 Thread 0x000001beca92a800 nmethod 322 0x000001beb42b4090 code [0x000001beb42b4220, 0x000001beb42b4398]
Event: 0.639 Thread 0x000001beca92a800  323       1       java.lang.invoke.MethodHandles$Lookup::lookupClass (5 bytes)
Event: 0.639 Thread 0x000001beca92a800 nmethod 323 0x000001bebbd27a90 code [0x000001bebbd27c20, 0x000001bebbd27cf8]
Event: 0.641 Thread 0x000001beca92a800  324       3       java.lang.StringBuilder::<init> (7 bytes)
Event: 0.641 Thread 0x000001beca92a800 nmethod 324 0x000001beb42b4410 code [0x000001beb42b45a0, 0x000001beb42b46e8]
Event: 0.642 Thread 0x000001beca92a800  325       1       jdk.internal.org.objectweb.asm.SymbolTable::getMajorVersion (5 bytes)
Event: 0.642 Thread 0x000001beca92a800 nmethod 325 0x000001bebbd27d90 code [0x000001bebbd27f20, 0x000001bebbd27ff8]
Event: 0.642 Thread 0x000001beca92a800  326       3       jdk.internal.org.objectweb.asm.Handler::getExceptionTableLength (21 bytes)
Event: 0.642 Thread 0x000001beca92a800 nmethod 326 0x000001beb42b4790 code [0x000001beb42b4920, 0x000001beb42b4ab8]
Event: 0.643 Thread 0x000001becb41ce30  327       4       java.util.Objects::requireNonNull (14 bytes)
Event: 0.643 Thread 0x000001becb41ce30 nmethod 327 0x000001bebbd28090 code [0x000001bebbd28200, 0x000001bebbd28278]

GC Heap History (0 events):
No events

Deoptimization events (0 events):
No events

Classes unloaded (0 events):
No events

Classes redefined (0 events):
No events

Internal exceptions (4 events):
Event: 0.419 Thread 0x000001beac9b8d30 Exception <a 'java/lang/ClassNotFoundException'{0x000000008c666da0}: sun/awt/resources/spi/awtProvider> (0x000000008c666da0) 
thrown [s\open\src\hotspot\share\classfile\systemDictionary.cpp, line 256]
Event: 0.514 Thread 0x000001beac9b8d30 Exception <a 'java/io/FileNotFoundException'{0x000000008c6b4800}> (0x000000008c6b4800) 
thrown [s\open\src\hotspot\share\prims\jni.cpp, line 516]
Event: 0.530 Thread 0x000001beac9b8d30 Exception <a 'java/io/FileNotFoundException'{0x000000008c6e1710}> (0x000000008c6e1710) 
thrown [s\open\src\hotspot\share\prims\jni.cpp, line 516]
Event: 0.639 Thread 0x000001beac9b8d30 Exception <a 'java/lang/NoSuchMethodError'{0x000000008c55aff8}: 'java.lang.Object java.lang.invoke.DirectMethodHandle$Holder.invokeStaticInit(java.lang.Object)'> (0x000000008c55aff8) 
thrown [s\open\src\hotspot\share\interpreter\linkResolver.cpp, line 759]

VM Operations (0 events):
No events

Events (20 events):
Event: 0.638 loading class sun/java2d/Disposer$1 done
Event: 0.638 loading class java/lang/NoSuchMethodError
Event: 0.638 loading class java/lang/IncompatibleClassChangeError
Event: 0.638 loading class java/lang/IncompatibleClassChangeError done
Event: 0.639 loading class java/lang/NoSuchMethodError done
Event: 0.639 loading class sun/awt/util/ThreadGroupUtils
Event: 0.639 loading class sun/awt/util/ThreadGroupUtils done
Event: 0.639 Thread 0x000001becb88a030 Thread added: 0x000001becb88a030
Event: 0.639 loading class sun/awt/AWTAutoShutdown
Event: 0.640 loading class sun/awt/AWTAutoShutdown done
Event: 0.640 Thread 0x000001becb88a500 Thread added: 0x000001becb88a500
Event: 0.641 loading class java/lang/Module$ReflectionData
Event: 0.641 loading class java/lang/Module$ReflectionData done
Event: 0.641 loading class java/lang/WeakPairMap
Event: 0.641 loading class java/lang/WeakPairMap done
Event: 0.641 loading class java/lang/WeakPairMap$Pair
Event: 0.641 loading class java/lang/WeakPairMap$Pair done
Event: 0.641 loading class java/lang/WeakPairMap$Pair$Lookup
Event: 0.641 loading class java/lang/WeakPairMap$Pair$Lookup done
Event: 0.642 Thread 0x000001becb88a9d0 Thread added: 0x000001becb88a9d0


Dynamic libraries:
0x00007ff671490000 - 0x00007ff6714a0000 	D:\dowload\bin\javaw.exe
0x00007ff842970000 - 0x00007ff842b84000 	C:\WINDOWS\SYSTEM32\ntdll.dll
0x00007ff8411f0000 - 0x00007ff8412b3000 	C:\WINDOWS\System32\KERNEL32.DLL
0x00007ff8400e0000 - 0x00007ff84047c000 	C:\WINDOWS\System32\KERNELBASE.dll
0x00007ff83ff00000 - 0x00007ff840011000 	C:\WINDOWS\System32\ucrtbase.dll
0x00007ff8260d0000 - 0x00007ff8260eb000 	D:\dowload\bin\VCRUNTIME140.dll
0x00007ff8260b0000 - 0x00007ff8260c8000 	D:\dowload\bin\jli.dll
0x00007ff840cd0000 - 0x00007ff840d7e000 	C:\WINDOWS\System32\ADVAPI32.dll
0x00007ff842880000 - 0x00007ff842927000 	C:\WINDOWS\System32\msvcrt.dll
0x00007ff841370000 - 0x00007ff841414000 	C:\WINDOWS\System32\sechost.dll
0x00007ff841430000 - 0x00007ff841545000 	C:\WINDOWS\System32\RPCRT4.dll
0x00007ff840fe0000 - 0x00007ff84118d000 	C:\WINDOWS\System32\USER32.dll
0x00007ff83fed0000 - 0x00007ff83fef6000 	C:\WINDOWS\System32\win32u.dll
0x00007ff8418f0000 - 0x00007ff841919000 	C:\WINDOWS\System32\GDI32.dll
0x00007ff83fdb0000 - 0x00007ff83fec2000 	C:\WINDOWS\System32\gdi32full.dll
0x00007ff8404f0000 - 0x00007ff84058a000 	C:\WINDOWS\System32\msvcp_win.dll
0x00007ff829180000 - 0x00007ff82940e000 	C:\WINDOWS\WinSxS\amd64_microsoft.windows.common-controls_6595b64144ccf1df_6.0.22621.608_none_a9444ca7c10bb01d\COMCTL32.dll
0x00007ff831700000 - 0x00007ff83170a000 	C:\WINDOWS\SYSTEM32\VERSION.dll
0x00007ff840fa0000 - 0x00007ff840fd2000 	C:\WINDOWS\System32\IMM32.DLL
0x00007ff8263d0000 - 0x00007ff8263dc000 	D:\dowload\bin\vcruntime140_1.dll
0x00007fffc5360000 - 0x00007fffc53ee000 	D:\dowload\bin\msvcp140.dll
0x00007fffa0f80000 - 0x00007fffa1b57000 	D:\dowload\bin\server\jvm.dll
0x00007ff842870000 - 0x00007ff842878000 	C:\WINDOWS\System32\PSAPI.DLL
0x00007ff833f90000 - 0x00007ff833f99000 	C:\WINDOWS\SYSTEM32\WSOCK32.dll
0x00007ff8427f0000 - 0x00007ff842861000 	C:\WINDOWS\System32\WS2_32.dll
0x00007ff8351a0000 - 0x00007ff8351d4000 	C:\WINDOWS\SYSTEM32\WINMM.dll
0x00007ff83ee00000 - 0x00007ff83ee18000 	C:\WINDOWS\SYSTEM32\kernel.appcore.dll
0x00007ff826020000 - 0x00007ff82602a000 	D:\dowload\bin\jimage.dll
0x00007ff83d520000 - 0x00007ff83d74e000 	C:\WINDOWS\SYSTEM32\DBGHELP.DLL
0x00007ff841560000 - 0x00007ff8418ea000 	C:\WINDOWS\System32\combase.dll
0x00007ff8424b0000 - 0x00007ff842587000 	C:\WINDOWS\System32\OLEAUT32.dll
0x00007ff832850000 - 0x00007ff832882000 	C:\WINDOWS\SYSTEM32\dbgcore.DLL
0x00007ff840590000 - 0x00007ff84060b000 	C:\WINDOWS\System32\bcryptPrimitives.dll
0x00007ff809290000 - 0x00007ff8092b5000 	D:\dowload\bin\java.dll
0x00007fffc5280000 - 0x00007fffc5357000 	D:\dowload\bin\jsvml.dll
0x00007ff841cc0000 - 0x00007ff8424af000 	C:\WINDOWS\System32\SHELL32.dll
0x00007ff83ddd0000 - 0x00007ff83e698000 	C:\WINDOWS\SYSTEM32\windows.storage.dll
0x00007ff83dc90000 - 0x00007ff83ddce000 	C:\WINDOWS\SYSTEM32\wintypes.dll
0x00007ff840d80000 - 0x00007ff840e71000 	C:\WINDOWS\System32\SHCORE.dll
0x00007ff841190000 - 0x00007ff8411ee000 	C:\WINDOWS\System32\shlwapi.dll
0x00007ff83fce0000 - 0x00007ff83fd01000 	C:\WINDOWS\SYSTEM32\profapi.dll
0x00007fffc2020000 - 0x00007fffc21b1000 	D:\dowload\bin\awt.dll
0x00007ff83cb50000 - 0x00007ff83cbe7000 	C:\WINDOWS\SYSTEM32\apphelp.dll
0x00007ff80c140000 - 0x00007ff80c159000 	D:\dowload\bin\net.dll
0x00007ff837610000 - 0x00007ff83773f000 	C:\WINDOWS\SYSTEM32\WINHTTP.dll
0x00007ff83f270000 - 0x00007ff83f2d9000 	C:\WINDOWS\system32\mswsock.dll
0x00007ff804610000 - 0x00007ff804626000 	D:\dowload\bin\nio.dll
0x00007ff8045f0000 - 0x00007ff804608000 	D:\dowload\bin\zip.dll
0x00007ff83cd90000 - 0x00007ff83ce3b000 	C:\WINDOWS\system32\uxtheme.dll
0x00007ff840e80000 - 0x00007ff840f9e000 	C:\WINDOWS\System32\MSCTF.dll

dbghelp: loaded successfully - version: 4.0.5 - missing functions: none
symbol engine: initialized successfully - sym options: 0x614 - pdb path: .;D:\dowload\bin;C:\WINDOWS\SYSTEM32;C:\WINDOWS\WinSxS\amd64_microsoft.windows.common-controls_6595b64144ccf1df_6.0.22621.608_none_a9444ca7c10bb01d;D:\dowload\bin\server

VM Arguments:
jvm_args: -Dfile.encoding=UTF-8 -XX:+ShowCodeDetailsInExceptionMessages 
java_command: Main.test
java_class_path (initial): D:\laptrinhJava\BaiHeThong1mcr6\target\classes;D:\laptrinhJava\BaiHeThong1mcr6\jgoodies-common-1.8.0.jar;D:\laptrinhJava\BaiHeThong1mcr6\jgoodies-forms-1.8.0.jar;C:\Users\levan\.m2\repository\com\microsoft\sqlserver\mssql-jdbc\12.1.0.jre11-preview\mssql-jdbc-12.1.0.jre11-preview.jar;C:\Users\levan\.m2\repository\org\apache\commons\commons-lang3\3.4\commons-lang3-3.4.jar
Launcher Type: SUN_STANDARD

[Global flags]
     intx CICompilerCount                          = 4                                         {product} {ergonomic}
     uint ConcGCThreads                            = 2                                         {product} {ergonomic}
     uint G1ConcRefinementThreads                  = 8                                         {product} {ergonomic}
   size_t G1HeapRegionSize                         = 1048576                                   {product} {ergonomic}
    uintx GCDrainStackTargetSize                   = 64                                        {product} {ergonomic}
   size_t InitialHeapSize                          = 130023424                                 {product} {ergonomic}
   size_t MarkStackSize                            = 4194304                                   {product} {ergonomic}
   size_t MaxHeapSize                              = 2067791872                                {product} {ergonomic}
   size_t MaxNewSize                               = 1240465408                                {product} {ergonomic}
   size_t MinHeapDeltaBytes                        = 1048576                                   {product} {ergonomic}
   size_t MinHeapSize                              = 8388608                                   {product} {ergonomic}
    uintx NonNMethodCodeHeapSize                   = 5839372                                {pd product} {ergonomic}
    uintx NonProfiledCodeHeapSize                  = 122909434                              {pd product} {ergonomic}
    uintx ProfiledCodeHeapSize                     = 122909434                              {pd product} {ergonomic}
    uintx ReservedCodeCacheSize                    = 251658240                              {pd product} {ergonomic}
     bool SegmentedCodeCache                       = true                                      {product} {ergonomic}
     bool ShowCodeDetailsInExceptionMessages       = true                                   {manageable} {command line}
   size_t SoftMaxHeapSize                          = 2067791872                             {manageable} {ergonomic}
     bool UseCompressedClassPointers               = true                           {product lp64_product} {ergonomic}
     bool UseCompressedOops                        = true                           {product lp64_product} {ergonomic}
     bool UseG1GC                                  = true                                      {product} {ergonomic}
     bool UseLargePagesIndividualAllocation        = false                                  {pd product} {ergonomic}

Logging:
Log output configuration:
 #0: stdout all=warning uptime,level,tags
 #1: stderr all=off uptime,level,tags

Environment Variables:
PATH=C:\Program Files\Common Files\Oracle\Java\javapath;C:\Program Files\Microsoft MPI\Bin\;C:\WINDOWS\system32;C:\WINDOWS;C:\WINDOWS\System32\Wbem;C:\WINDOWS\System32\WindowsPowerShell\v1.0\;C:\WINDOWS\System32\OpenSSH\;C:\Program Files (x86)\Microsoft SQL Server\160\Tools\Binn\;C:\Program Files\Microsoft SQL Server\160\Tools\Binn\;C:\Program Files\Microsoft SQL Server\Client SDK\ODBC\170\Tools\Binn\;C:\Program Files\Microsoft SQL Server\160\DTS\Binn\;C:\Program Files (x86)\Microsoft SQL Server\160\DTS\Binn\;C:\Program Files\Azure Data Studio\bin;C:\Program Files\Microsoft SQL Server\130\Tools\Binn\;C:\Users\levan\AppData\Local\Microsoft\WindowsApps;;C:\Users\levan\AppData\Local\Programs\Microsoft VS Code\bin;C:\Program Files\Azure Data Studio\bin
USERNAME=levan
OS=Windows_NT
PROCESSOR_IDENTIFIER=Intel64 Family 6 Model 140 Stepping 1, GenuineIntel



---------------  S Y S T E M  ---------------

OS:
 Windows 11 , 64 bit Build 22621 (10.0.22621.1194)
OS uptime: 1 days 14:56 hours

CPU: total 8 (initial active 8) (4 cores per cpu, 2 threads per core) family 6 model 140 stepping 1 microcode 0x86, cx8, cmov, fxsr, ht, mmx, 3dnowpref, sse, sse2, sse3, ssse3, sse4.1, sse4.2, popcnt, lzcnt, tsc, tscinvbit, avx, avx2, aes, erms, clmul, bmi1, bmi2, adx, avx512f, avx512dq, avx512cd, avx512bw, avx512vl, sha, fma, vzeroupper, avx512_vpopcntdq, avx512_vpclmulqdq, avx512_vaes, avx512_vnni, clflush, clflushopt, clwb, avx512_vbmi2, avx512_vbmi

Memory: 4k page, system-wide physical 7886M (404M free)
TotalPageFile size 32462M (AvailPageFile size 0M)
current process WorkingSet (physical memory assigned to process): 37M, peak: 37M
current process commit charge ("private bytes"): 205M, peak: 205M

vm_info: Java HotSpot(TM) 64-Bit Server VM (17.0.6+9-LTS-190) for windows-amd64 JRE (17.0.6+9-LTS-190), built on Dec  6 2022 15:53:54 by "mach5one" with MS VC++ 17.1 (VS2022)

END.
