#
# A fatal error has been detected by the Java Runtime Environment:
#
#  EXCEPTION_ACCESS_VIOLATION (0xc0000005) at pc=0x0000000000000000, pid=10900, tid=31724
#
# JRE version: Java(TM) SE Runtime Environment (17.0.6+9) (build 17.0.6+9-LTS-190)
# Java VM: Java HotSpot(TM) 64-Bit Server VM (17.0.6+9-LTS-190, mixed mode, tiered, compressed oops, compressed class ptrs, g1 gc, windows-amd64)
# Problematic frame:
# C  0x0000000000000000
#
# No core dump will be written. Minidumps are not enabled by default on client versions of Windows
#
# If you would like to submit a bug report, please visit:
#   https://bugreport.java.com/bugreport/crash.jsp
# The crash happened outside the Java Virtual Machine in native code.
# See problematic frame for where to report the bug.
#

---------------  S U M M A R Y ------------

Command Line: -Dfile.encoding=UTF-8 -XX:+ShowCodeDetailsInExceptionMessages Main.test

Host: 11th Gen Intel(R) Core(TM) i5-1135G7 @ 2.40GHz, 8 cores, 7G,  Windows 11 , 64 bit Build 22621 (10.0.22621.1194)
Time: Fri Mar  3 22:51:00 2023 SE Asia Standard Time elapsed time: 0.249619 seconds (0d 0h 0m 0s)

---------------  T H R E A D  ---------------

Current thread (0x000001c7363fc880):  JavaThread "AWT-Windows" daemon [_thread_in_native, id=31724, stack(0x0000004b87b00000,0x0000004b87c00000)]

Stack: [0x0000004b87b00000,0x0000004b87c00000],  sp=0x0000004b87bff0d8,  free space=1020k
Native frames: (J=compiled Java code, j=interpreted, Vv=VM code, C=native code)

Java frames: (J=compiled Java code, j=interpreted, Vv=VM code)
j  sun.awt.windows.WToolkit.init()Z+0 java.desktop@17.0.6
j  sun.awt.windows.WToolkit.run()V+10 java.desktop@17.0.6
j  java.lang.Thread.run()V+11 java.base@17.0.6
v  ~StubRoutines::call_stub

siginfo: EXCEPTION_ACCESS_VIOLATION (0xc0000005), data execution prevention violation at address 0x0000000000000000


Register to memory mapping:

RIP=0x0 is NULL
RAX=0x0 is NULL
RBX=0x0000000000000020 is an unknown value
RCX=0x0 is NULL
RDX=0x0 is NULL
RSP=0x0000004b87bff0d8 is pointing into the stack for thread: 0x000001c7363fc880
RBP=0x0000004b87bff248 is pointing into the stack for thread: 0x000001c7363fc880
RSI=0x000000000c011149 is an unknown value
RDI=0x0000000000000001 is an unknown value
R8 =0x0000004b87bfedf8 is pointing into the stack for thread: 0x000001c7363fc880
R9 =0x0 is NULL
R10=0x000000000000007f is an unknown value
R11=0x0000004b87bff040 is pointing into the stack for thread: 0x000001c7363fc880
R12=0x0 is NULL
R13={method} {0x000001c735ca8b60} 'init' '()Z' in 'sun/awt/windows/WToolkit'
R14=0x0 is NULL
R15=0x000001c7363fc880 is a thread


Registers:
RAX=0x0000000000000000, RBX=0x0000000000000020, RCX=0x0000000000000000, RDX=0x0000000000000000
RSP=0x0000004b87bff0d8, RBP=0x0000004b87bff248, RSI=0x000000000c011149, RDI=0x0000000000000001
R8 =0x0000004b87bfedf8, R9 =0x0000000000000000, R10=0x000000000000007f, R11=0x0000004b87bff040
R12=0x0000000000000000, R13=0x000001c735ca8b58, R14=0x0000000000000000, R15=0x000001c7363fc880
RIP=0x0000000000000000, EFLAGS=0x0000000000010206

Top of Stack: (sp=0x0000004b87bff0d8)
0x0000004b87bff0d8:   00007ffbe9564e18 0000000000000000
0x0000004b87bff0e8:   0000000000000000 0000004b87bfedf8
0x0000004b87bff0f8:   0000000000000000 000001c7ffffffff
0x0000004b87bff108:   00007ffbffffffff 000001c700000000
0x0000004b87bff118:   0000004b00000000 0000000000000000
0x0000004b87bff128:   0000000000000000 00007ffbe9490000
0x0000004b87bff138:   0000000000000000 000001c700000000
0x0000004b87bff148:   00007ffbe9565f40 0000000000000000
0x0000004b87bff158:   00007ffbe9490000 0000000000de12f9
0x0000004b87bff168:   0000000000000000 0000000000000006
0x0000004b87bff178:   0000000000000000 00007ffbe959fea0
0x0000004b87bff188:   000001c7363fc880 0000004b87bff268
0x0000004b87bff198:   00007ffbe956782f 000001c7363fcb28
0x0000004b87bff1a8:   0000000000000220 0000004b87bff268
0x0000004b87bff1b8:   000001c735d5ff08 000001c725c294ec
0x0000004b87bff1c8:   000001c725c2d601 000001c735ca8b58 

Instructions: (pc=0x0000000000000000)
0xffffffffffffff00:   


Stack slot to memory mapping:
stack at sp + 0 slots: 0x00007ffbe9564e18 awt.dll
stack at sp + 1 slots: 0x0 is NULL
stack at sp + 2 slots: 0x0 is NULL
stack at sp + 3 slots: 0x0000004b87bfedf8 is pointing into the stack for thread: 0x000001c7363fc880
stack at sp + 4 slots: 0x0 is NULL
stack at sp + 5 slots: 0x000001c7ffffffff is an unknown value
stack at sp + 6 slots: 0x00007ffbffffffff is an unknown value
stack at sp + 7 slots: 0x000001c700000000 is an unknown value


---------------  P R O C E S S  ---------------

Threads class SMR info:
_java_thread_list=0x000001c7363fb0f0, length=15, elements={
0x000001c7156796b0, 0x000001c736013020, 0x000001c7360138e0, 0x000001c735586910,
0x000001c73559f3a0, 0x000001c7355a0270, 0x000001c7355a8c30, 0x000001c7355acec0,
0x000001c7355add50, 0x000001c7355ae960, 0x000001c736190400, 0x000001c7361a6910,
0x000001c7363fbae0, 0x000001c7363fbfb0, 0x000001c7363fc880
}

Java Threads: ( => current thread )
  0x000001c7156796b0 JavaThread "main" [_thread_blocked, id=14500, stack(0x0000004b86600000,0x0000004b86700000)]
  0x000001c736013020 JavaThread "Reference Handler" daemon [_thread_blocked, id=34312, stack(0x0000004b86d00000,0x0000004b86e00000)]
  0x000001c7360138e0 JavaThread "Finalizer" daemon [_thread_blocked, id=2704, stack(0x0000004b86e00000,0x0000004b86f00000)]
  0x000001c735586910 JavaThread "Signal Dispatcher" daemon [_thread_blocked, id=14600, stack(0x0000004b86f00000,0x0000004b87000000)]
  0x000001c73559f3a0 JavaThread "Attach Listener" daemon [_thread_blocked, id=2628, stack(0x0000004b87000000,0x0000004b87100000)]
  0x000001c7355a0270 JavaThread "Service Thread" daemon [_thread_blocked, id=33524, stack(0x0000004b87100000,0x0000004b87200000)]
  0x000001c7355a8c30 JavaThread "Monitor Deflation Thread" daemon [_thread_blocked, id=25560, stack(0x0000004b87200000,0x0000004b87300000)]
  0x000001c7355acec0 JavaThread "C2 CompilerThread0" daemon [_thread_blocked, id=5704, stack(0x0000004b87300000,0x0000004b87400000)]
  0x000001c7355add50 JavaThread "C1 CompilerThread0" daemon [_thread_blocked, id=19552, stack(0x0000004b87400000,0x0000004b87500000)]
  0x000001c7355ae960 JavaThread "Sweeper thread" daemon [_thread_blocked, id=6508, stack(0x0000004b87500000,0x0000004b87600000)]
  0x000001c736190400 JavaThread "Notification Thread" daemon [_thread_blocked, id=17396, stack(0x0000004b87600000,0x0000004b87700000)]
  0x000001c7361a6910 JavaThread "Common-Cleaner" daemon [_thread_blocked, id=5860, stack(0x0000004b87800000,0x0000004b87900000)]
  0x000001c7363fbae0 JavaThread "Java2D Disposer" daemon [_thread_blocked, id=6848, stack(0x0000004b87900000,0x0000004b87a00000)]
  0x000001c7363fbfb0 JavaThread "AWT-Shutdown" [_thread_blocked, id=4912, stack(0x0000004b87a00000,0x0000004b87b00000)]
=>0x000001c7363fc880 JavaThread "AWT-Windows" daemon [_thread_in_native, id=31724, stack(0x0000004b87b00000,0x0000004b87c00000)]

Other Threads:
  0x000001c73559b400 VMThread "VM Thread" [stack: 0x0000004b86c00000,0x0000004b86d00000] [id=17104]
  0x000001c7156f3db0 WatcherThread [stack: 0x0000004b87700000,0x0000004b87800000] [id=17252]
  0x000001c7156d3ec0 GCTaskThread "GC Thread#0" [stack: 0x0000004b86700000,0x0000004b86800000] [id=16416]
  0x000001c7156e4d80 ConcurrentGCThread "G1 Main Marker" [stack: 0x0000004b86800000,0x0000004b86900000] [id=31604]
  0x000001c7156e5790 ConcurrentGCThread "G1 Conc#0" [stack: 0x0000004b86900000,0x0000004b86a00000] [id=22848]
  0x000001c7353c60c0 ConcurrentGCThread "G1 Refine#0" [stack: 0x0000004b86a00000,0x0000004b86b00000] [id=34560]
  0x000001c7353c6880 ConcurrentGCThread "G1 Service" [stack: 0x0000004b86b00000,0x0000004b86c00000] [id=32140]

Threads with active compile tasks:

VM state: not at safepoint (normal execution)

VM Mutex/Monitor currently owned by a thread: None

Heap address: 0x0000000084c00000, size: 1972 MB, Compressed Oops mode: 32-bit

CDS archive(s) not mapped
Compressed class space mapped at: 0x0000000100000000-0x0000000140000000, reserved size: 1073741824
Narrow klass base: 0x0000000000000000, Narrow klass shift: 3, Narrow klass range: 0x140000000

GC Precious Log:
 CPUs: 8 total, 8 available
 Memory: 7886M
 Large Page Support: Disabled
 NUMA Support: Disabled
 Compressed Oops: Enabled (32-bit)
 Heap Region Size: 1M
 Heap Min Capacity: 8M
 Heap Initial Capacity: 124M
 Heap Max Capacity: 1972M
 Pre-touch: Disabled
 Parallel Workers: 8
 Concurrent Workers: 2
 Concurrent Refinement Workers: 8
 Periodic GC: Disabled

Heap:
 garbage-first heap   total 126976K, used 2048K [0x0000000084c00000, 0x0000000100000000)
  region size 1024K, 3 young (3072K), 0 survivors (0K)
 Metaspace       used 8094K, committed 8320K, reserved 1064960K
  class space    used 696K, committed 832K, reserved 1048576K

Heap Regions: E=young(eden), S=young(survivor), O=old, HS=humongous(starts), HC=humongous(continues), CS=collection set, F=free, OA=open archive, CA=closed archive, TAMS=top-at-mark-start (previous, next)
|   0|0x0000000084c00000, 0x0000000084c00000, 0x0000000084d00000|  0%| F|  |TAMS 0x0000000084c00000, 0x0000000084c00000| Untracked 
|   1|0x0000000084d00000, 0x0000000084d00000, 0x0000000084e00000|  0%| F|  |TAMS 0x0000000084d00000, 0x0000000084d00000| Untracked 
|   2|0x0000000084e00000, 0x0000000084e00000, 0x0000000084f00000|  0%| F|  |TAMS 0x0000000084e00000, 0x0000000084e00000| Untracked 
|   3|0x0000000084f00000, 0x0000000084f00000, 0x0000000085000000|  0%| F|  |TAMS 0x0000000084f00000, 0x0000000084f00000| Untracked 
|   4|0x0000000085000000, 0x0000000085000000, 0x0000000085100000|  0%| F|  |TAMS 0x0000000085000000, 0x0000000085000000| Untracked 
|   5|0x0000000085100000, 0x0000000085100000, 0x0000000085200000|  0%| F|  |TAMS 0x0000000085100000, 0x0000000085100000| Untracked 
|   6|0x0000000085200000, 0x0000000085200000, 0x0000000085300000|  0%| F|  |TAMS 0x0000000085200000, 0x0000000085200000| Untracked 
|   7|0x0000000085300000, 0x0000000085300000, 0x0000000085400000|  0%| F|  |TAMS 0x0000000085300000, 0x0000000085300000| Untracked 
|   8|0x0000000085400000, 0x0000000085400000, 0x0000000085500000|  0%| F|  |TAMS 0x0000000085400000, 0x0000000085400000| Untracked 
|   9|0x0000000085500000, 0x0000000085500000, 0x0000000085600000|  0%| F|  |TAMS 0x0000000085500000, 0x0000000085500000| Untracked 
|  10|0x0000000085600000, 0x0000000085600000, 0x0000000085700000|  0%| F|  |TAMS 0x0000000085600000, 0x0000000085600000| Untracked 
|  11|0x0000000085700000, 0x0000000085700000, 0x0000000085800000|  0%| F|  |TAMS 0x0000000085700000, 0x0000000085700000| Untracked 
|  12|0x0000000085800000, 0x0000000085800000, 0x0000000085900000|  0%| F|  |TAMS 0x0000000085800000, 0x0000000085800000| Untracked 
|  13|0x0000000085900000, 0x0000000085900000, 0x0000000085a00000|  0%| F|  |TAMS 0x0000000085900000, 0x0000000085900000| Untracked 
|  14|0x0000000085a00000, 0x0000000085a00000, 0x0000000085b00000|  0%| F|  |TAMS 0x0000000085a00000, 0x0000000085a00000| Untracked 
|  15|0x0000000085b00000, 0x0000000085b00000, 0x0000000085c00000|  0%| F|  |TAMS 0x0000000085b00000, 0x0000000085b00000| Untracked 
|  16|0x0000000085c00000, 0x0000000085c00000, 0x0000000085d00000|  0%| F|  |TAMS 0x0000000085c00000, 0x0000000085c00000| Untracked 
|  17|0x0000000085d00000, 0x0000000085d00000, 0x0000000085e00000|  0%| F|  |TAMS 0x0000000085d00000, 0x0000000085d00000| Untracked 
|  18|0x0000000085e00000, 0x0000000085e00000, 0x0000000085f00000|  0%| F|  |TAMS 0x0000000085e00000, 0x0000000085e00000| Untracked 
|  19|0x0000000085f00000, 0x0000000085f00000, 0x0000000086000000|  0%| F|  |TAMS 0x0000000085f00000, 0x0000000085f00000| Untracked 
|  20|0x0000000086000000, 0x0000000086000000, 0x0000000086100000|  0%| F|  |TAMS 0x0000000086000000, 0x0000000086000000| Untracked 
|  21|0x0000000086100000, 0x0000000086100000, 0x0000000086200000|  0%| F|  |TAMS 0x0000000086100000, 0x0000000086100000| Untracked 
|  22|0x0000000086200000, 0x0000000086200000, 0x0000000086300000|  0%| F|  |TAMS 0x0000000086200000, 0x0000000086200000| Untracked 
|  23|0x0000000086300000, 0x0000000086300000, 0x0000000086400000|  0%| F|  |TAMS 0x0000000086300000, 0x0000000086300000| Untracked 
|  24|0x0000000086400000, 0x0000000086400000, 0x0000000086500000|  0%| F|  |TAMS 0x0000000086400000, 0x0000000086400000| Untracked 
|  25|0x0000000086500000, 0x0000000086500000, 0x0000000086600000|  0%| F|  |TAMS 0x0000000086500000, 0x0000000086500000| Untracked 
|  26|0x0000000086600000, 0x0000000086600000, 0x0000000086700000|  0%| F|  |TAMS 0x0000000086600000, 0x0000000086600000| Untracked 
|  27|0x0000000086700000, 0x0000000086700000, 0x0000000086800000|  0%| F|  |TAMS 0x0000000086700000, 0x0000000086700000| Untracked 
|  28|0x0000000086800000, 0x0000000086800000, 0x0000000086900000|  0%| F|  |TAMS 0x0000000086800000, 0x0000000086800000| Untracked 
|  29|0x0000000086900000, 0x0000000086900000, 0x0000000086a00000|  0%| F|  |TAMS 0x0000000086900000, 0x0000000086900000| Untracked 
|  30|0x0000000086a00000, 0x0000000086a00000, 0x0000000086b00000|  0%| F|  |TAMS 0x0000000086a00000, 0x0000000086a00000| Untracked 
|  31|0x0000000086b00000, 0x0000000086b00000, 0x0000000086c00000|  0%| F|  |TAMS 0x0000000086b00000, 0x0000000086b00000| Untracked 
|  32|0x0000000086c00000, 0x0000000086c00000, 0x0000000086d00000|  0%| F|  |TAMS 0x0000000086c00000, 0x0000000086c00000| Untracked 
|  33|0x0000000086d00000, 0x0000000086d00000, 0x0000000086e00000|  0%| F|  |TAMS 0x0000000086d00000, 0x0000000086d00000| Untracked 
|  34|0x0000000086e00000, 0x0000000086e00000, 0x0000000086f00000|  0%| F|  |TAMS 0x0000000086e00000, 0x0000000086e00000| Untracked 
|  35|0x0000000086f00000, 0x0000000086f00000, 0x0000000087000000|  0%| F|  |TAMS 0x0000000086f00000, 0x0000000086f00000| Untracked 
|  36|0x0000000087000000, 0x0000000087000000, 0x0000000087100000|  0%| F|  |TAMS 0x0000000087000000, 0x0000000087000000| Untracked 
|  37|0x0000000087100000, 0x0000000087100000, 0x0000000087200000|  0%| F|  |TAMS 0x0000000087100000, 0x0000000087100000| Untracked 
|  38|0x0000000087200000, 0x0000000087200000, 0x0000000087300000|  0%| F|  |TAMS 0x0000000087200000, 0x0000000087200000| Untracked 
|  39|0x0000000087300000, 0x0000000087300000, 0x0000000087400000|  0%| F|  |TAMS 0x0000000087300000, 0x0000000087300000| Untracked 
|  40|0x0000000087400000, 0x0000000087400000, 0x0000000087500000|  0%| F|  |TAMS 0x0000000087400000, 0x0000000087400000| Untracked 
|  41|0x0000000087500000, 0x0000000087500000, 0x0000000087600000|  0%| F|  |TAMS 0x0000000087500000, 0x0000000087500000| Untracked 
|  42|0x0000000087600000, 0x0000000087600000, 0x0000000087700000|  0%| F|  |TAMS 0x0000000087600000, 0x0000000087600000| Untracked 
|  43|0x0000000087700000, 0x0000000087700000, 0x0000000087800000|  0%| F|  |TAMS 0x0000000087700000, 0x0000000087700000| Untracked 
|  44|0x0000000087800000, 0x0000000087800000, 0x0000000087900000|  0%| F|  |TAMS 0x0000000087800000, 0x0000000087800000| Untracked 
|  45|0x0000000087900000, 0x0000000087900000, 0x0000000087a00000|  0%| F|  |TAMS 0x0000000087900000, 0x0000000087900000| Untracked 
|  46|0x0000000087a00000, 0x0000000087a00000, 0x0000000087b00000|  0%| F|  |TAMS 0x0000000087a00000, 0x0000000087a00000| Untracked 
|  47|0x0000000087b00000, 0x0000000087b00000, 0x0000000087c00000|  0%| F|  |TAMS 0x0000000087b00000, 0x0000000087b00000| Untracked 
|  48|0x0000000087c00000, 0x0000000087c00000, 0x0000000087d00000|  0%| F|  |TAMS 0x0000000087c00000, 0x0000000087c00000| Untracked 
|  49|0x0000000087d00000, 0x0000000087d00000, 0x0000000087e00000|  0%| F|  |TAMS 0x0000000087d00000, 0x0000000087d00000| Untracked 
|  50|0x0000000087e00000, 0x0000000087e00000, 0x0000000087f00000|  0%| F|  |TAMS 0x0000000087e00000, 0x0000000087e00000| Untracked 
|  51|0x0000000087f00000, 0x0000000087f00000, 0x0000000088000000|  0%| F|  |TAMS 0x0000000087f00000, 0x0000000087f00000| Untracked 
|  52|0x0000000088000000, 0x0000000088000000, 0x0000000088100000|  0%| F|  |TAMS 0x0000000088000000, 0x0000000088000000| Untracked 
|  53|0x0000000088100000, 0x0000000088100000, 0x0000000088200000|  0%| F|  |TAMS 0x0000000088100000, 0x0000000088100000| Untracked 
|  54|0x0000000088200000, 0x0000000088200000, 0x0000000088300000|  0%| F|  |TAMS 0x0000000088200000, 0x0000000088200000| Untracked 
|  55|0x0000000088300000, 0x0000000088300000, 0x0000000088400000|  0%| F|  |TAMS 0x0000000088300000, 0x0000000088300000| Untracked 
|  56|0x0000000088400000, 0x0000000088400000, 0x0000000088500000|  0%| F|  |TAMS 0x0000000088400000, 0x0000000088400000| Untracked 
|  57|0x0000000088500000, 0x0000000088500000, 0x0000000088600000|  0%| F|  |TAMS 0x0000000088500000, 0x0000000088500000| Untracked 
|  58|0x0000000088600000, 0x0000000088600000, 0x0000000088700000|  0%| F|  |TAMS 0x0000000088600000, 0x0000000088600000| Untracked 
|  59|0x0000000088700000, 0x0000000088700000, 0x0000000088800000|  0%| F|  |TAMS 0x0000000088700000, 0x0000000088700000| Untracked 
|  60|0x0000000088800000, 0x0000000088800000, 0x0000000088900000|  0%| F|  |TAMS 0x0000000088800000, 0x0000000088800000| Untracked 
|  61|0x0000000088900000, 0x0000000088900000, 0x0000000088a00000|  0%| F|  |TAMS 0x0000000088900000, 0x0000000088900000| Untracked 
|  62|0x0000000088a00000, 0x0000000088a00000, 0x0000000088b00000|  0%| F|  |TAMS 0x0000000088a00000, 0x0000000088a00000| Untracked 
|  63|0x0000000088b00000, 0x0000000088b00000, 0x0000000088c00000|  0%| F|  |TAMS 0x0000000088b00000, 0x0000000088b00000| Untracked 
|  64|0x0000000088c00000, 0x0000000088c00000, 0x0000000088d00000|  0%| F|  |TAMS 0x0000000088c00000, 0x0000000088c00000| Untracked 
|  65|0x0000000088d00000, 0x0000000088d00000, 0x0000000088e00000|  0%| F|  |TAMS 0x0000000088d00000, 0x0000000088d00000| Untracked 
|  66|0x0000000088e00000, 0x0000000088e00000, 0x0000000088f00000|  0%| F|  |TAMS 0x0000000088e00000, 0x0000000088e00000| Untracked 
|  67|0x0000000088f00000, 0x0000000088f00000, 0x0000000089000000|  0%| F|  |TAMS 0x0000000088f00000, 0x0000000088f00000| Untracked 
|  68|0x0000000089000000, 0x0000000089000000, 0x0000000089100000|  0%| F|  |TAMS 0x0000000089000000, 0x0000000089000000| Untracked 
|  69|0x0000000089100000, 0x0000000089100000, 0x0000000089200000|  0%| F|  |TAMS 0x0000000089100000, 0x0000000089100000| Untracked 
|  70|0x0000000089200000, 0x0000000089200000, 0x0000000089300000|  0%| F|  |TAMS 0x0000000089200000, 0x0000000089200000| Untracked 
|  71|0x0000000089300000, 0x0000000089300000, 0x0000000089400000|  0%| F|  |TAMS 0x0000000089300000, 0x0000000089300000| Untracked 
|  72|0x0000000089400000, 0x0000000089400000, 0x0000000089500000|  0%| F|  |TAMS 0x0000000089400000, 0x0000000089400000| Untracked 
|  73|0x0000000089500000, 0x0000000089500000, 0x0000000089600000|  0%| F|  |TAMS 0x0000000089500000, 0x0000000089500000| Untracked 
|  74|0x0000000089600000, 0x0000000089600000, 0x0000000089700000|  0%| F|  |TAMS 0x0000000089600000, 0x0000000089600000| Untracked 
|  75|0x0000000089700000, 0x0000000089700000, 0x0000000089800000|  0%| F|  |TAMS 0x0000000089700000, 0x0000000089700000| Untracked 
|  76|0x0000000089800000, 0x0000000089800000, 0x0000000089900000|  0%| F|  |TAMS 0x0000000089800000, 0x0000000089800000| Untracked 
|  77|0x0000000089900000, 0x0000000089900000, 0x0000000089a00000|  0%| F|  |TAMS 0x0000000089900000, 0x0000000089900000| Untracked 
|  78|0x0000000089a00000, 0x0000000089a00000, 0x0000000089b00000|  0%| F|  |TAMS 0x0000000089a00000, 0x0000000089a00000| Untracked 
|  79|0x0000000089b00000, 0x0000000089b00000, 0x0000000089c00000|  0%| F|  |TAMS 0x0000000089b00000, 0x0000000089b00000| Untracked 
|  80|0x0000000089c00000, 0x0000000089c00000, 0x0000000089d00000|  0%| F|  |TAMS 0x0000000089c00000, 0x0000000089c00000| Untracked 
|  81|0x0000000089d00000, 0x0000000089d00000, 0x0000000089e00000|  0%| F|  |TAMS 0x0000000089d00000, 0x0000000089d00000| Untracked 
|  82|0x0000000089e00000, 0x0000000089e00000, 0x0000000089f00000|  0%| F|  |TAMS 0x0000000089e00000, 0x0000000089e00000| Untracked 
|  83|0x0000000089f00000, 0x0000000089f00000, 0x000000008a000000|  0%| F|  |TAMS 0x0000000089f00000, 0x0000000089f00000| Untracked 
|  84|0x000000008a000000, 0x000000008a000000, 0x000000008a100000|  0%| F|  |TAMS 0x000000008a000000, 0x000000008a000000| Untracked 
|  85|0x000000008a100000, 0x000000008a100000, 0x000000008a200000|  0%| F|  |TAMS 0x000000008a100000, 0x000000008a100000| Untracked 
|  86|0x000000008a200000, 0x000000008a200000, 0x000000008a300000|  0%| F|  |TAMS 0x000000008a200000, 0x000000008a200000| Untracked 
|  87|0x000000008a300000, 0x000000008a300000, 0x000000008a400000|  0%| F|  |TAMS 0x000000008a300000, 0x000000008a300000| Untracked 
|  88|0x000000008a400000, 0x000000008a400000, 0x000000008a500000|  0%| F|  |TAMS 0x000000008a400000, 0x000000008a400000| Untracked 
|  89|0x000000008a500000, 0x000000008a500000, 0x000000008a600000|  0%| F|  |TAMS 0x000000008a500000, 0x000000008a500000| Untracked 
|  90|0x000000008a600000, 0x000000008a600000, 0x000000008a700000|  0%| F|  |TAMS 0x000000008a600000, 0x000000008a600000| Untracked 
|  91|0x000000008a700000, 0x000000008a700000, 0x000000008a800000|  0%| F|  |TAMS 0x000000008a700000, 0x000000008a700000| Untracked 
|  92|0x000000008a800000, 0x000000008a800000, 0x000000008a900000|  0%| F|  |TAMS 0x000000008a800000, 0x000000008a800000| Untracked 
|  93|0x000000008a900000, 0x000000008a900000, 0x000000008aa00000|  0%| F|  |TAMS 0x000000008a900000, 0x000000008a900000| Untracked 
|  94|0x000000008aa00000, 0x000000008aa00000, 0x000000008ab00000|  0%| F|  |TAMS 0x000000008aa00000, 0x000000008aa00000| Untracked 
|  95|0x000000008ab00000, 0x000000008ab00000, 0x000000008ac00000|  0%| F|  |TAMS 0x000000008ab00000, 0x000000008ab00000| Untracked 
|  96|0x000000008ac00000, 0x000000008ac00000, 0x000000008ad00000|  0%| F|  |TAMS 0x000000008ac00000, 0x000000008ac00000| Untracked 
|  97|0x000000008ad00000, 0x000000008ad00000, 0x000000008ae00000|  0%| F|  |TAMS 0x000000008ad00000, 0x000000008ad00000| Untracked 
|  98|0x000000008ae00000, 0x000000008ae00000, 0x000000008af00000|  0%| F|  |TAMS 0x000000008ae00000, 0x000000008ae00000| Untracked 
|  99|0x000000008af00000, 0x000000008af00000, 0x000000008b000000|  0%| F|  |TAMS 0x000000008af00000, 0x000000008af00000| Untracked 
| 100|0x000000008b000000, 0x000000008b000000, 0x000000008b100000|  0%| F|  |TAMS 0x000000008b000000, 0x000000008b000000| Untracked 
| 101|0x000000008b100000, 0x000000008b100000, 0x000000008b200000|  0%| F|  |TAMS 0x000000008b100000, 0x000000008b100000| Untracked 
| 102|0x000000008b200000, 0x000000008b200000, 0x000000008b300000|  0%| F|  |TAMS 0x000000008b200000, 0x000000008b200000| Untracked 
| 103|0x000000008b300000, 0x000000008b300000, 0x000000008b400000|  0%| F|  |TAMS 0x000000008b300000, 0x000000008b300000| Untracked 
| 104|0x000000008b400000, 0x000000008b400000, 0x000000008b500000|  0%| F|  |TAMS 0x000000008b400000, 0x000000008b400000| Untracked 
| 105|0x000000008b500000, 0x000000008b500000, 0x000000008b600000|  0%| F|  |TAMS 0x000000008b500000, 0x000000008b500000| Untracked 
| 106|0x000000008b600000, 0x000000008b600000, 0x000000008b700000|  0%| F|  |TAMS 0x000000008b600000, 0x000000008b600000| Untracked 
| 107|0x000000008b700000, 0x000000008b700000, 0x000000008b800000|  0%| F|  |TAMS 0x000000008b700000, 0x000000008b700000| Untracked 
| 108|0x000000008b800000, 0x000000008b800000, 0x000000008b900000|  0%| F|  |TAMS 0x000000008b800000, 0x000000008b800000| Untracked 
| 109|0x000000008b900000, 0x000000008b900000, 0x000000008ba00000|  0%| F|  |TAMS 0x000000008b900000, 0x000000008b900000| Untracked 
| 110|0x000000008ba00000, 0x000000008ba00000, 0x000000008bb00000|  0%| F|  |TAMS 0x000000008ba00000, 0x000000008ba00000| Untracked 
| 111|0x000000008bb00000, 0x000000008bb00000, 0x000000008bc00000|  0%| F|  |TAMS 0x000000008bb00000, 0x000000008bb00000| Untracked 
| 112|0x000000008bc00000, 0x000000008bc00000, 0x000000008bd00000|  0%| F|  |TAMS 0x000000008bc00000, 0x000000008bc00000| Untracked 
| 113|0x000000008bd00000, 0x000000008bd00000, 0x000000008be00000|  0%| F|  |TAMS 0x000000008bd00000, 0x000000008bd00000| Untracked 
| 114|0x000000008be00000, 0x000000008be00000, 0x000000008bf00000|  0%| F|  |TAMS 0x000000008be00000, 0x000000008be00000| Untracked 
| 115|0x000000008bf00000, 0x000000008bf00000, 0x000000008c000000|  0%| F|  |TAMS 0x000000008bf00000, 0x000000008bf00000| Untracked 
| 116|0x000000008c000000, 0x000000008c000000, 0x000000008c100000|  0%| F|  |TAMS 0x000000008c000000, 0x000000008c000000| Untracked 
| 117|0x000000008c100000, 0x000000008c100000, 0x000000008c200000|  0%| F|  |TAMS 0x000000008c100000, 0x000000008c100000| Untracked 
| 118|0x000000008c200000, 0x000000008c200000, 0x000000008c300000|  0%| F|  |TAMS 0x000000008c200000, 0x000000008c200000| Untracked 
| 119|0x000000008c300000, 0x000000008c300000, 0x000000008c400000|  0%| F|  |TAMS 0x000000008c300000, 0x000000008c300000| Untracked 
| 120|0x000000008c400000, 0x000000008c400000, 0x000000008c500000|  0%| F|  |TAMS 0x000000008c400000, 0x000000008c400000| Untracked 
| 121|0x000000008c500000, 0x000000008c600000, 0x000000008c600000|100%| E|  |TAMS 0x000000008c500000, 0x000000008c500000| Complete 
| 122|0x000000008c600000, 0x000000008c700000, 0x000000008c700000|100%| E|CS|TAMS 0x000000008c600000, 0x000000008c600000| Complete 
| 123|0x000000008c700000, 0x000000008c800000, 0x000000008c800000|100%| E|CS|TAMS 0x000000008c700000, 0x000000008c700000| Complete 

Card table byte_map: [0x000001c72e540000,0x000001c72e920000] _byte_map_base: 0x000001c72e11a000

Marking Bits (Prev, Next): (CMBitMap*) 0x000001c7156d44d0, (CMBitMap*) 0x000001c7156d4510
 Prev Bits: [0x000001c72ed00000, 0x000001c730bd0000)
 Next Bits: [0x000001c730bd0000, 0x000001c732aa0000)

Polling page: 0x000001c715750000

Metaspace:

Usage:
  Non-class:      7.22 MB used.
      Class:    696.02 KB used.
       Both:      7.90 MB used.

Virtual space:
  Non-class space:       16.00 MB reserved,       7.31 MB ( 46%) committed,  2 nodes.
      Class space:        1.00 GB reserved,     832.00 KB ( <1%) committed,  1 nodes.
             Both:        1.02 GB reserved,       8.12 MB ( <1%) committed. 

Chunk freelists:
   Non-Class:  3.99 MB
       Class:  3.25 MB
        Both:  7.24 MB

MaxMetaspaceSize: unlimited
CompressedClassSpaceSize: 1.00 GB
Initial GC threshold: 21.00 MB
Current GC threshold: 21.00 MB
CDS: off
MetaspaceReclaimPolicy: balanced
 - commit_granule_bytes: 65536.
 - commit_granule_words: 8192.
 - virtual_space_node_default_size: 1048576.
 - enlarge_chunks_in_place: 1.
 - new_chunks_are_fully_committed: 0.
 - uncommit_free_chunks: 1.
 - use_allocation_guard: 0.
 - handle_deallocations: 1.


Internal statistics:

num_allocs_failed_limit: 0.
num_arena_births: 70.
num_arena_deaths: 0.
num_vsnodes_births: 3.
num_vsnodes_deaths: 0.
num_space_committed: 130.
num_space_uncommitted: 0.
num_chunks_returned_to_freelist: 0.
num_chunks_taken_from_freelist: 86.
num_chunk_merges: 0.
num_chunk_splits: 55.
num_chunks_enlarged: 33.
num_purges: 0.
num_inconsistent_stats: 0.

CodeHeap 'non-profiled nmethods': size=120000Kb used=94Kb max_used=94Kb free=119905Kb
 bounds [0x000001c7261c0000, 0x000001c726430000, 0x000001c72d6f0000]
CodeHeap 'profiled nmethods': size=120000Kb used=419Kb max_used=419Kb free=119580Kb
 bounds [0x000001c71e6f0000, 0x000001c71e960000, 0x000001c725c20000]
CodeHeap 'non-nmethods': size=5760Kb used=1174Kb max_used=1174Kb free=4585Kb
 bounds [0x000001c725c20000, 0x000001c725e90000, 0x000001c7261c0000]
 total_blobs=758 nmethods=302 adapters=369
 compilation: enabled
              stopped_count=0, restarted_count=0
 full_count=0

Compilation events (20 events):
Event: 0.228 Thread 0x000001c7355add50  290       3       java.lang.invoke.LambdaForm::parameterType (9 bytes)
Event: 0.228 Thread 0x000001c7355add50 nmethod 290 0x000001c71e756490 code [0x000001c71e756640, 0x000001c71e756788]
Event: 0.228 Thread 0x000001c7355add50  292       3       java.lang.invoke.MemberName::isMethod (8 bytes)
Event: 0.228 Thread 0x000001c7355add50 nmethod 292 0x000001c71e756890 code [0x000001c71e756a40, 0x000001c71e756c78]
Event: 0.229 Thread 0x000001c7355add50  293       3       java.lang.invoke.MethodHandles$Lookup::lookupClassOrNull (17 bytes)
Event: 0.229 Thread 0x000001c7355add50 nmethod 293 0x000001c71e756d90 code [0x000001c71e756f20, 0x000001c71e7570b8]
Event: 0.229 Thread 0x000001c7355add50  295       3       java.lang.invoke.MethodTypeForm::canonicalizeAll (63 bytes)
Event: 0.229 Thread 0x000001c7355add50 nmethod 295 0x000001c71e757190 code [0x000001c71e757380, 0x000001c71e7579b8]
Event: 0.229 Thread 0x000001c7355add50  297       3       java.lang.invoke.MethodType$ConcurrentWeakInternSet$WeakEntry::<init> (15 bytes)
Event: 0.229 Thread 0x000001c7355add50 nmethod 297 0x000001c71e757b90 code [0x000001c71e757d60, 0x000001c71e758168]
Event: 0.230 Thread 0x000001c7355add50  298       3       java.lang.invoke.LambdaForm::forceInterpretation (14 bytes)
Event: 0.230 Thread 0x000001c7355add50 nmethod 298 0x000001c71e758290 code [0x000001c71e758420, 0x000001c71e758598]
Event: 0.230 Thread 0x000001c7355add50  299       1       java.lang.invoke.MethodHandles$Lookup::lookupClass (5 bytes)
Event: 0.231 Thread 0x000001c7355add50 nmethod 299 0x000001c7261d7590 code [0x000001c7261d7720, 0x000001c7261d77f8]
Event: 0.231 Thread 0x000001c7355add50  300       3       java.lang.Class::getName (18 bytes)
Event: 0.231 Thread 0x000001c7355add50 nmethod 300 0x000001c71e758610 code [0x000001c71e7587c0, 0x000001c71e758948]
Event: 0.232 Thread 0x000001c7355add50  302       3       jdk.internal.org.objectweb.asm.Handler::getExceptionTableLength (21 bytes)
Event: 0.232 Thread 0x000001c7355add50 nmethod 302 0x000001c71e758a10 code [0x000001c71e758ba0, 0x000001c71e758d38]
Event: 0.232 Thread 0x000001c7355add50  301       1       jdk.internal.org.objectweb.asm.SymbolTable::getMajorVersion (5 bytes)
Event: 0.232 Thread 0x000001c7355add50 nmethod 301 0x000001c7261d7890 code [0x000001c7261d7a20, 0x000001c7261d7af8]

GC Heap History (0 events):
No events

Deoptimization events (0 events):
No events

Classes unloaded (0 events):
No events

Classes redefined (0 events):
No events

Internal exceptions (4 events):
Event: 0.140 Thread 0x000001c7156796b0 Exception <a 'java/lang/ClassNotFoundException'{0x000000008c665f20}: sun/awt/resources/spi/awtProvider> (0x000000008c665f20) 
thrown [s\open\src\hotspot\share\classfile\systemDictionary.cpp, line 256]
Event: 0.175 Thread 0x000001c7156796b0 Exception <a 'java/io/FileNotFoundException'{0x000000008c6b3978}> (0x000000008c6b3978) 
thrown [s\open\src\hotspot\share\prims\jni.cpp, line 516]
Event: 0.180 Thread 0x000001c7156796b0 Exception <a 'java/io/FileNotFoundException'{0x000000008c6e0888}> (0x000000008c6e0888) 
thrown [s\open\src\hotspot\share\prims\jni.cpp, line 516]
Event: 0.230 Thread 0x000001c7156796b0 Exception <a 'java/lang/NoSuchMethodError'{0x000000008c544a48}: 'java.lang.Object java.lang.invoke.DirectMethodHandle$Holder.invokeStaticInit(java.lang.Object)'> (0x000000008c544a48) 
thrown [s\open\src\hotspot\share\interpreter\linkResolver.cpp, line 759]

VM Operations (0 events):
No events

Events (20 events):
Event: 0.229 loading class sun/java2d/Disposer$1 done
Event: 0.230 loading class java/lang/NoSuchMethodError
Event: 0.230 loading class java/lang/IncompatibleClassChangeError
Event: 0.230 loading class java/lang/IncompatibleClassChangeError done
Event: 0.230 loading class java/lang/NoSuchMethodError done
Event: 0.231 loading class sun/awt/util/ThreadGroupUtils
Event: 0.231 loading class sun/awt/util/ThreadGroupUtils done
Event: 0.231 Thread 0x000001c7363fbae0 Thread added: 0x000001c7363fbae0
Event: 0.231 loading class sun/awt/AWTAutoShutdown
Event: 0.231 loading class sun/awt/AWTAutoShutdown done
Event: 0.232 Thread 0x000001c7363fbfb0 Thread added: 0x000001c7363fbfb0
Event: 0.232 loading class java/lang/Module$ReflectionData
Event: 0.232 loading class java/lang/Module$ReflectionData done
Event: 0.232 loading class java/lang/WeakPairMap
Event: 0.232 loading class java/lang/WeakPairMap done
Event: 0.232 loading class java/lang/WeakPairMap$Pair
Event: 0.232 loading class java/lang/WeakPairMap$Pair done
Event: 0.232 loading class java/lang/WeakPairMap$Pair$Lookup
Event: 0.232 loading class java/lang/WeakPairMap$Pair$Lookup done
Event: 0.233 Thread 0x000001c7363fc880 Thread added: 0x000001c7363fc880


Dynamic libraries:
0x00007ff7a6eb0000 - 0x00007ff7a6ec0000 	D:\dowload\bin\javaw.exe
0x00007ffc42470000 - 0x00007ffc42684000 	C:\WINDOWS\SYSTEM32\ntdll.dll
0x00007ffc407e0000 - 0x00007ffc408a3000 	C:\WINDOWS\System32\KERNEL32.DLL
0x00007ffc3fb40000 - 0x00007ffc3fedc000 	C:\WINDOWS\System32\KERNELBASE.dll
0x00007ffc400a0000 - 0x00007ffc401b1000 	C:\WINDOWS\System32\ucrtbase.dll
0x00007ffc1c420000 - 0x00007ffc1c43b000 	D:\dowload\bin\VCRUNTIME140.dll
0x00007ffc2c300000 - 0x00007ffc2c318000 	D:\dowload\bin\jli.dll
0x00007ffc40610000 - 0x00007ffc406be000 	C:\WINDOWS\System32\ADVAPI32.dll
0x00007ffc42230000 - 0x00007ffc422d7000 	C:\WINDOWS\System32\msvcrt.dll
0x00007ffc422e0000 - 0x00007ffc42384000 	C:\WINDOWS\System32\sechost.dll
0x00007ffc406c0000 - 0x00007ffc407d5000 	C:\WINDOWS\System32\RPCRT4.dll
0x00007ffc41f90000 - 0x00007ffc4213d000 	C:\WINDOWS\System32\USER32.dll
0x00007ffc40000000 - 0x00007ffc40026000 	C:\WINDOWS\System32\win32u.dll
0x00007ffc41f00000 - 0x00007ffc41f29000 	C:\WINDOWS\System32\GDI32.dll
0x00007ffc29790000 - 0x00007ffc29a1e000 	C:\WINDOWS\WinSxS\amd64_microsoft.windows.common-controls_6595b64144ccf1df_6.0.22621.608_none_a9444ca7c10bb01d\COMCTL32.dll
0x00007ffc3fee0000 - 0x00007ffc3fff2000 	C:\WINDOWS\System32\gdi32full.dll
0x00007ffc3f930000 - 0x00007ffc3f9ca000 	C:\WINDOWS\System32\msvcp_win.dll
0x00007ffc34f80000 - 0x00007ffc34f8a000 	C:\WINDOWS\SYSTEM32\VERSION.dll
0x00007ffc423f0000 - 0x00007ffc42422000 	C:\WINDOWS\System32\IMM32.DLL
0x00007ffc3b410000 - 0x00007ffc3b41c000 	D:\dowload\bin\vcruntime140_1.dll
0x00007ffc14a40000 - 0x00007ffc14ace000 	D:\dowload\bin\msvcp140.dll
0x00007ffbcb8c0000 - 0x00007ffbcc497000 	D:\dowload\bin\server\jvm.dll
0x00007ffc42220000 - 0x00007ffc42228000 	C:\WINDOWS\System32\PSAPI.DLL
0x00007ffc39fd0000 - 0x00007ffc3a004000 	C:\WINDOWS\SYSTEM32\WINMM.dll
0x00007ffc2c390000 - 0x00007ffc2c399000 	C:\WINDOWS\SYSTEM32\WSOCK32.dll
0x00007ffc41840000 - 0x00007ffc418b1000 	C:\WINDOWS\System32\WS2_32.dll
0x00007ffc3e900000 - 0x00007ffc3e918000 	C:\WINDOWS\SYSTEM32\kernel.appcore.dll
0x00007ffc2c900000 - 0x00007ffc2c90a000 	D:\dowload\bin\jimage.dll
0x00007ffc3d2a0000 - 0x00007ffc3d4ce000 	C:\WINDOWS\SYSTEM32\DBGHELP.DLL
0x00007ffc40280000 - 0x00007ffc4060a000 	C:\WINDOWS\System32\combase.dll
0x00007ffc415a0000 - 0x00007ffc41677000 	C:\WINDOWS\System32\OLEAUT32.dll
0x00007ffc22840000 - 0x00007ffc22872000 	C:\WINDOWS\SYSTEM32\dbgcore.DLL
0x00007ffc3f8b0000 - 0x00007ffc3f92b000 	C:\WINDOWS\System32\bcryptPrimitives.dll
0x00007ffc14a10000 - 0x00007ffc14a35000 	D:\dowload\bin\java.dll
0x00007ffbea480000 - 0x00007ffbea557000 	D:\dowload\bin\jsvml.dll
0x00007ffc409d0000 - 0x00007ffc411bf000 	C:\WINDOWS\System32\SHELL32.dll
0x00007ffc3d8d0000 - 0x00007ffc3e198000 	C:\WINDOWS\SYSTEM32\windows.storage.dll
0x00007ffc3d790000 - 0x00007ffc3d8ce000 	C:\WINDOWS\SYSTEM32\wintypes.dll
0x00007ffc411c0000 - 0x00007ffc412b1000 	C:\WINDOWS\System32\SHCORE.dll
0x00007ffc42390000 - 0x00007ffc423ee000 	C:\WINDOWS\System32\shlwapi.dll
0x00007ffc3f7e0000 - 0x00007ffc3f801000 	C:\WINDOWS\SYSTEM32\profapi.dll
0x00007ffbe9490000 - 0x00007ffbe9621000 	D:\dowload\bin\awt.dll
0x00007ffc39b10000 - 0x00007ffc39ba7000 	C:\WINDOWS\SYSTEM32\apphelp.dll
0x00007ffc1c370000 - 0x00007ffc1c389000 	D:\dowload\bin\net.dll
0x00007ffc3b0f0000 - 0x00007ffc3b21f000 	C:\WINDOWS\SYSTEM32\WINHTTP.dll
0x00007ffc3ede0000 - 0x00007ffc3ee49000 	C:\WINDOWS\system32\mswsock.dll
0x00007ffc149f0000 - 0x00007ffc14a06000 	D:\dowload\bin\nio.dll
0x00007ffc149a0000 - 0x00007ffc149b8000 	D:\dowload\bin\zip.dll
0x00007ffc3c8b0000 - 0x00007ffc3c95b000 	C:\WINDOWS\system32\uxtheme.dll
0x00007ffc41de0000 - 0x00007ffc41efe000 	C:\WINDOWS\System32\MSCTF.dll

dbghelp: loaded successfully - version: 4.0.5 - missing functions: none
symbol engine: initialized successfully - sym options: 0x614 - pdb path: .;D:\dowload\bin;C:\WINDOWS\SYSTEM32;C:\WINDOWS\WinSxS\amd64_microsoft.windows.common-controls_6595b64144ccf1df_6.0.22621.608_none_a9444ca7c10bb01d;D:\dowload\bin\server

VM Arguments:
jvm_args: -Dfile.encoding=UTF-8 -XX:+ShowCodeDetailsInExceptionMessages 
java_command: Main.test
java_class_path (initial): D:\laptrinhJava\BaiHeThong4\target\classes;C:\Users\levan\.m2\repository\com\microsoft\sqlserver\mssql-jdbc\12.1.0.jre11-preview\mssql-jdbc-12.1.0.jre11-preview.jar
Launcher Type: SUN_STANDARD

[Global flags]
     intx CICompilerCount                          = 4                                         {product} {ergonomic}
     uint ConcGCThreads                            = 2                                         {product} {ergonomic}
     uint G1ConcRefinementThreads                  = 8                                         {product} {ergonomic}
   size_t G1HeapRegionSize                         = 1048576                                   {product} {ergonomic}
    uintx GCDrainStackTargetSize                   = 64                                        {product} {ergonomic}
   size_t InitialHeapSize                          = 130023424                                 {product} {ergonomic}
   size_t MarkStackSize                            = 4194304                                   {product} {ergonomic}
   size_t MaxHeapSize                              = 2067791872                                {product} {ergonomic}
   size_t MaxNewSize                               = 1240465408                                {product} {ergonomic}
   size_t MinHeapDeltaBytes                        = 1048576                                   {product} {ergonomic}
   size_t MinHeapSize                              = 8388608                                   {product} {ergonomic}
    uintx NonNMethodCodeHeapSize                   = 5839372                                {pd product} {ergonomic}
    uintx NonProfiledCodeHeapSize                  = 122909434                              {pd product} {ergonomic}
    uintx ProfiledCodeHeapSize                     = 122909434                              {pd product} {ergonomic}
    uintx ReservedCodeCacheSize                    = 251658240                              {pd product} {ergonomic}
     bool SegmentedCodeCache                       = true                                      {product} {ergonomic}
     bool ShowCodeDetailsInExceptionMessages       = true                                   {manageable} {command line}
   size_t SoftMaxHeapSize                          = 2067791872                             {manageable} {ergonomic}
     bool UseCompressedClassPointers               = true                           {product lp64_product} {ergonomic}
     bool UseCompressedOops                        = true                           {product lp64_product} {ergonomic}
     bool UseG1GC                                  = true                                      {product} {ergonomic}
     bool UseLargePagesIndividualAllocation        = false                                  {pd product} {ergonomic}

Logging:
Log output configuration:
 #0: stdout all=warning uptime,level,tags
 #1: stderr all=off uptime,level,tags

Environment Variables:
PATH=C:\Program Files\Microsoft MPI\Bin\;C:\Program Files\Common Files\Oracle\Java\javapath;C:\WINDOWS\system32;C:\WINDOWS;C:\WINDOWS\System32\Wbem;C:\WINDOWS\System32\WindowsPowerShell\v1.0\;C:\WINDOWS\System32\OpenSSH\;C:\Program Files (x86)\Microsoft SQL Server\160\DTS\Binn\;C:\Program Files\Azure Data Studio\bin;C:\Program Files\Microsoft SQL Server\130\Tools\Binn\;C:\Program Files (x86)\Microsoft SQL Server\160\Tools\Binn\;C:\Program Files\Microsoft SQL Server\160\Tools\Binn\;C:\Program Files\Microsoft SQL Server\Client SDK\ODBC\170\Tools\Binn\;C:\Program Files\Microsoft SQL Server\160\DTS\Binn\;C:\Program Files (x86)\Microsoft SQL Server\150\DTS\Binn\;C:\Users\levan\AppData\Local\Microsoft\WindowsApps;;C:\Program Files\Azure Data Studio\bin;C:\Users\levan\AppData\Local\Programs\Microsoft VS Code\bin
USERNAME=levan
OS=Windows_NT
PROCESSOR_IDENTIFIER=Intel64 Family 6 Model 140 Stepping 1, GenuineIntel



---------------  S Y S T E M  ---------------

OS:
 Windows 11 , 64 bit Build 22621 (10.0.22621.1194)
OS uptime: 3 days 15:28 hours

CPU: total 8 (initial active 8) (4 cores per cpu, 2 threads per core) family 6 model 140 stepping 1 microcode 0x86, cx8, cmov, fxsr, ht, mmx, 3dnowpref, sse, sse2, sse3, ssse3, sse4.1, sse4.2, popcnt, lzcnt, tsc, tscinvbit, avx, avx2, aes, erms, clmul, bmi1, bmi2, adx, avx512f, avx512dq, avx512cd, avx512bw, avx512vl, sha, fma, vzeroupper, avx512_vpopcntdq, avx512_vpclmulqdq, avx512_vaes, avx512_vnni, clflush, clflushopt, clwb, avx512_vbmi2, avx512_vbmi

Memory: 4k page, system-wide physical 7886M (312M free)
TotalPageFile size 32462M (AvailPageFile size 0M)
current process WorkingSet (physical memory assigned to process): 37M, peak: 37M
current process commit charge ("private bytes"): 205M, peak: 205M

vm_info: Java HotSpot(TM) 64-Bit Server VM (17.0.6+9-LTS-190) for windows-amd64 JRE (17.0.6+9-LTS-190), built on Dec  6 2022 15:53:54 by "mach5one" with MS VC++ 17.1 (VS2022)

END.
